[2024-10-15 11:29:07 -0700] [26387] [INFO] Starting gunicorn 21.2.0
[2024-10-15 11:29:07 -0700] [26387] [INFO] Listening at: http://127.0.0.1:8000 (26387)
[2024-10-15 11:29:07 -0700] [26387] [INFO] Using worker: sync
[2024-10-15 11:29:07 -0700] [26388] [INFO] Booting worker with pid: 26388
[2024-10-15 11:29:07 -0700] [26389] [INFO] Booting worker with pid: 26389
[2024-10-15 11:29:07 -0700] [26390] [INFO] Booting worker with pid: 26390
[2024-10-15 11:29:07 -0700] [26391] [INFO] Booting worker with pid: 26391
[2024-10-15 11:29:07 -0700] [26392] [INFO] Booting worker with pid: 26392
[2024-10-15 11:29:07 -0700] [26394] [INFO] Booting worker with pid: 26394
[2024-10-15 11:29:07 -0700] [26395] [INFO] Booting worker with pid: 26395
[2024-10-15 11:29:07 -0700] [26396] [INFO] Booting worker with pid: 26396
[2024-10-15 11:29:07 -0700] [26397] [INFO] Booting worker with pid: 26397
[2024-10-15 11:29:07 -0700] [26398] [INFO] Booting worker with pid: 26398
[2024-10-15 11:29:07 -0700] [26389] [INFO] Worker exiting (pid: 26389)
[2024-10-15 11:29:07 -0700] [26388] [INFO] Worker exiting (pid: 26388)
[2024-10-15 11:29:07 -0700] [26390] [INFO] Worker exiting (pid: 26390)
[2024-10-15 11:29:07 -0700] [26399] [INFO] Booting worker with pid: 26399
[2024-10-15 11:29:07 -0700] [26391] [INFO] Worker exiting (pid: 26391)
[2024-10-15 11:29:07 -0700] [26400] [INFO] Booting worker with pid: 26400
[2024-10-15 11:29:07 -0700] [26392] [INFO] Worker exiting (pid: 26392)
[2024-10-15 11:29:08 -0700] [26401] [INFO] Booting worker with pid: 26401
[2024-10-15 11:29:08 -0700] [26402] [INFO] Booting worker with pid: 26402
[2024-10-15 11:29:08 -0700] [26403] [INFO] Booting worker with pid: 26403
[2024-10-15 11:29:08 -0700] [26404] [INFO] Booting worker with pid: 26404
[2024-10-15 11:29:08 -0700] [26405] [INFO] Booting worker with pid: 26405
[2024-10-15 11:29:09 -0700] [26387] [ERROR] Worker (pid:26391) exited with code 1
[2024-10-15 11:29:09 -0700] [26387] [ERROR] Worker (pid:26391) exited with code 1.
[2024-10-15 11:29:09 -0700] [26406] [INFO] Booting worker with pid: 26406
[2024-10-15 11:29:09 -0700] [26387] [ERROR] Worker (pid:26389) exited with code 1
[2024-10-15 11:29:09 -0700] [26387] [ERROR] Worker (pid:26389) exited with code 1.
[2024-10-15 11:29:09 -0700] [26387] [ERROR] Worker (pid:26392) exited with code 1
[2024-10-15 11:29:09 -0700] [26387] [ERROR] Worker (pid:26392) exited with code 1.
[2024-10-15 11:29:09 -0700] [26407] [INFO] Booting worker with pid: 26407
[2024-10-15 11:29:09 -0700] [26387] [ERROR] Worker (pid:26388) exited with code 1
[2024-10-15 11:29:09 -0700] [26387] [ERROR] Worker (pid:26388) exited with code 1.
[2024-10-15 11:29:09 -0700] [26387] [ERROR] Worker (pid:26390) exited with code 1
[2024-10-15 11:29:09 -0700] [26387] [ERROR] Worker (pid:26390) exited with code 1.
[2024-10-15 11:29:09 -0700] [26408] [INFO] Booting worker with pid: 26408
[2024-10-15 11:29:09 -0700] [26409] [INFO] Booting worker with pid: 26409
[2024-10-15 11:29:09 -0700] [26410] [INFO] Booting worker with pid: 26410
[2024-10-15 11:29:10 -0700] [26396] [INFO] Worker exiting (pid: 26396)
[2024-10-15 11:29:10 -0700] [26403] [INFO] Worker exiting (pid: 26403)
[2024-10-15 11:29:10 -0700] [26399] [INFO] Worker exiting (pid: 26399)
[2024-10-15 11:29:10 -0700] [26405] [INFO] Worker exiting (pid: 26405)
[2024-10-15 11:29:10 -0700] [26394] [INFO] Worker exiting (pid: 26394)
[2024-10-15 11:29:10 -0700] [26404] [INFO] Worker exiting (pid: 26404)
[2024-10-15 11:29:10 -0700] [26397] [INFO] Worker exiting (pid: 26397)
[2024-10-15 11:29:10 -0700] [26402] [INFO] Worker exiting (pid: 26402)
[2024-10-15 11:29:10 -0700] [26398] [INFO] Worker exiting (pid: 26398)
[2024-10-15 11:29:10 -0700] [26401] [INFO] Worker exiting (pid: 26401)
[2024-10-15 11:29:10 -0700] [26400] [INFO] Worker exiting (pid: 26400)
[2024-10-15 11:29:10 -0700] [26395] [INFO] Worker exiting (pid: 26395)
[2024-10-15 11:29:10 -0700] [26406] [INFO] Worker exiting (pid: 26406)
[2024-10-15 11:29:10 -0700] [26407] [INFO] Worker exiting (pid: 26407)
[2024-10-15 11:29:10 -0700] [26409] [INFO] Worker exiting (pid: 26409)
[2024-10-15 11:29:10 -0700] [26408] [INFO] Worker exiting (pid: 26408)
[2024-10-15 11:29:10 -0700] [26387] [ERROR] Worker (pid:26403) exited with code 1
[2024-10-15 11:29:10 -0700] [26387] [ERROR] Worker (pid:26403) exited with code 1.
[2024-10-15 11:29:10 -0700] [26411] [INFO] Booting worker with pid: 26411
[2024-10-15 11:29:10 -0700] [26387] [ERROR] Worker (pid:26396) exited with code 1
[2024-10-15 11:29:10 -0700] [26387] [ERROR] Worker (pid:26396) exited with code 1.
[2024-10-15 11:29:10 -0700] [26387] [ERROR] Worker (pid:26399) exited with code 1
[2024-10-15 11:29:10 -0700] [26387] [ERROR] Worker (pid:26399) exited with code 1.
[2024-10-15 11:29:10 -0700] [26387] [ERROR] Worker (pid:26394) exited with code 1
[2024-10-15 11:29:10 -0700] [26387] [ERROR] Worker (pid:26394) exited with code 1.
[2024-10-15 11:29:10 -0700] [26412] [INFO] Booting worker with pid: 26412
[2024-10-15 11:29:10 -0700] [26413] [INFO] Booting worker with pid: 26413
[2024-10-15 11:29:10 -0700] [26387] [ERROR] Worker (pid:26401) exited with code 1
[2024-10-15 11:29:10 -0700] [26387] [ERROR] Worker (pid:26401) exited with code 1.
[2024-10-15 11:29:11 -0700] [26387] [ERROR] Worker (pid:26398) exited with code 1
[2024-10-15 11:29:11 -0700] [26387] [ERROR] Worker (pid:26398) exited with code 1.
[2024-10-15 11:29:11 -0700] [26387] [ERROR] Worker (pid:26405) exited with code 1
[2024-10-15 11:29:11 -0700] [26387] [ERROR] Worker (pid:26405) exited with code 1.
[2024-10-15 11:29:11 -0700] [26387] [ERROR] Worker (pid:26404) exited with code 1
[2024-10-15 11:29:11 -0700] [26387] [ERROR] Worker (pid:26404) exited with code 1.
[2024-10-15 11:29:11 -0700] [26387] [ERROR] Worker (pid:26397) exited with code 1
[2024-10-15 11:29:11 -0700] [26387] [ERROR] Worker (pid:26397) exited with code 1.
[2024-10-15 11:29:11 -0700] [26410] [INFO] Worker exiting (pid: 26410)
[2024-10-15 11:29:11 -0700] [26387] [ERROR] Worker (pid:26402) exited with code 1
[2024-10-15 11:29:11 -0700] [26387] [ERROR] Worker (pid:26402) exited with code 1.
[2024-10-15 11:29:11 -0700] [26414] [INFO] Booting worker with pid: 26414
[2024-10-15 11:29:11 -0700] [26415] [INFO] Booting worker with pid: 26415
[2024-10-15 11:29:11 -0700] [26387] [ERROR] Worker (pid:26400) exited with code 1
[2024-10-15 11:29:11 -0700] [26387] [ERROR] Worker (pid:26400) exited with code 1.
[2024-10-15 11:29:11 -0700] [26416] [INFO] Booting worker with pid: 26416
[2024-10-15 11:29:11 -0700] [26417] [INFO] Booting worker with pid: 26417
[2024-10-15 11:29:11 -0700] [26387] [ERROR] Worker (pid:26395) exited with code 1
[2024-10-15 11:29:11 -0700] [26387] [ERROR] Worker (pid:26395) exited with code 1.
[2024-10-15 11:29:11 -0700] [26418] [INFO] Booting worker with pid: 26418
[2024-10-15 11:29:11 -0700] [26387] [ERROR] Worker (pid:26406) exited with code 1
[2024-10-15 11:29:11 -0700] [26387] [ERROR] Worker (pid:26406) exited with code 1.
[2024-10-15 11:29:11 -0700] [26387] [ERROR] Worker (pid:26407) exited with code 1
[2024-10-15 11:29:11 -0700] [26387] [ERROR] Worker (pid:26407) exited with code 1.
[2024-10-15 11:29:11 -0700] [26387] [ERROR] Worker (pid:26409) exited with code 1
[2024-10-15 11:29:11 -0700] [26387] [ERROR] Worker (pid:26409) exited with code 1.
[2024-10-15 11:29:11 -0700] [26387] [ERROR] Worker (pid:26408) exited with code 1
[2024-10-15 11:29:11 -0700] [26387] [ERROR] Worker (pid:26408) exited with code 1.
[2024-10-15 11:29:11 -0700] [26419] [INFO] Booting worker with pid: 26419
[2024-10-15 11:29:11 -0700] [26387] [ERROR] Worker (pid:26410) exited with code 1
[2024-10-15 11:29:11 -0700] [26387] [ERROR] Worker (pid:26410) exited with code 1.
[2024-10-15 11:29:11 -0700] [26420] [INFO] Booting worker with pid: 26420
[2024-10-15 11:29:11 -0700] [26421] [INFO] Booting worker with pid: 26421
[2024-10-15 11:29:11 -0700] [26422] [INFO] Booting worker with pid: 26422
[2024-10-15 11:29:11 -0700] [26423] [INFO] Booting worker with pid: 26423
[2024-10-15 11:29:11 -0700] [26424] [INFO] Booting worker with pid: 26424
[2024-10-15 11:29:11 -0700] [26425] [INFO] Booting worker with pid: 26425
[2024-10-15 11:29:11 -0700] [26426] [INFO] Booting worker with pid: 26426
[2024-10-15 11:29:11 -0700] [26427] [INFO] Booting worker with pid: 26427
[2024-10-15 11:29:12 -0700] [26411] [INFO] Worker exiting (pid: 26411)
[2024-10-15 11:29:12 -0700] [26413] [INFO] Worker exiting (pid: 26413)
[2024-10-15 11:29:12 -0700] [26412] [INFO] Worker exiting (pid: 26412)
[2024-10-15 11:29:12 -0700] [26414] [INFO] Worker exiting (pid: 26414)
[2024-10-15 11:29:12 -0700] [26415] [INFO] Worker exiting (pid: 26415)
[2024-10-15 11:29:12 -0700] [26416] [INFO] Worker exiting (pid: 26416)
[2024-10-15 11:29:12 -0700] [26417] [INFO] Worker exiting (pid: 26417)
[2024-10-15 11:29:12 -0700] [26418] [INFO] Worker exiting (pid: 26418)
[2024-10-15 11:29:12 -0700] [26419] [INFO] Worker exiting (pid: 26419)
[2024-10-15 11:29:12 -0700] [26387] [ERROR] Worker (pid:26413) exited with code 1
[2024-10-15 11:29:12 -0700] [26387] [ERROR] Worker (pid:26413) exited with code 1.
[2024-10-15 11:29:12 -0700] [26387] [ERROR] Worker (pid:26411) exited with code 1
[2024-10-15 11:29:12 -0700] [26387] [ERROR] Worker (pid:26411) exited with code 1.
[2024-10-15 11:29:12 -0700] [26428] [INFO] Booting worker with pid: 26428
[2024-10-15 11:29:12 -0700] [26429] [INFO] Booting worker with pid: 26429
[2024-10-15 11:29:12 -0700] [26420] [INFO] Worker exiting (pid: 26420)
[2024-10-15 11:29:12 -0700] [26387] [ERROR] Worker (pid:26412) exited with code 1
[2024-10-15 11:29:12 -0700] [26387] [ERROR] Worker (pid:26412) exited with code 1.
[2024-10-15 11:29:12 -0700] [26421] [INFO] Worker exiting (pid: 26421)
[2024-10-15 11:29:12 -0700] [26387] [ERROR] Worker (pid:26415) exited with code 1
[2024-10-15 11:29:12 -0700] [26387] [ERROR] Worker (pid:26415) exited with code 1.
[2024-10-15 11:29:12 -0700] [26430] [INFO] Booting worker with pid: 26430
[2024-10-15 11:29:12 -0700] [26387] [ERROR] Worker (pid:26414) exited with code 1
[2024-10-15 11:29:12 -0700] [26387] [ERROR] Worker (pid:26414) exited with code 1.
[2024-10-15 11:29:12 -0700] [26387] [ERROR] Worker (pid:26416) exited with code 1
[2024-10-15 11:29:12 -0700] [26387] [ERROR] Worker (pid:26416) exited with code 1.
[2024-10-15 11:29:12 -0700] [26431] [INFO] Booting worker with pid: 26431
[2024-10-15 11:29:12 -0700] [26432] [INFO] Booting worker with pid: 26432
[2024-10-15 11:29:13 -0700] [26423] [INFO] Worker exiting (pid: 26423)
[2024-10-15 11:29:13 -0700] [26387] [ERROR] Worker (pid:26417) exited with code 1
[2024-10-15 11:29:13 -0700] [26387] [ERROR] Worker (pid:26417) exited with code 1.
[2024-10-15 11:29:13 -0700] [26422] [INFO] Worker exiting (pid: 26422)
[2024-10-15 11:29:13 -0700] [26433] [INFO] Booting worker with pid: 26433
[2024-10-15 11:29:13 -0700] [26424] [INFO] Worker exiting (pid: 26424)
[2024-10-15 11:29:13 -0700] [26434] [INFO] Booting worker with pid: 26434
[2024-10-15 11:29:13 -0700] [26387] [ERROR] Worker (pid:26418) exited with code 1
[2024-10-15 11:29:13 -0700] [26387] [ERROR] Worker (pid:26418) exited with code 1.
[2024-10-15 11:29:13 -0700] [26435] [INFO] Booting worker with pid: 26435
[2024-10-15 11:29:13 -0700] [26387] [ERROR] Worker (pid:26419) exited with code 1
[2024-10-15 11:29:13 -0700] [26387] [ERROR] Worker (pid:26419) exited with code 1.
[2024-10-15 11:29:13 -0700] [26425] [INFO] Worker exiting (pid: 26425)
[2024-10-15 11:29:13 -0700] [26436] [INFO] Booting worker with pid: 26436
[2024-10-15 11:29:13 -0700] [26426] [INFO] Worker exiting (pid: 26426)
[2024-10-15 11:29:13 -0700] [26427] [INFO] Worker exiting (pid: 26427)
[2024-10-15 11:29:13 -0700] [26387] [ERROR] Worker (pid:26420) exited with code 1
[2024-10-15 11:29:13 -0700] [26387] [ERROR] Worker (pid:26420) exited with code 1.
[2024-10-15 11:29:13 -0700] [26387] [ERROR] Worker (pid:26421) exited with code 1
[2024-10-15 11:29:13 -0700] [26387] [ERROR] Worker (pid:26421) exited with code 1.
[2024-10-15 11:29:13 -0700] [26437] [INFO] Booting worker with pid: 26437
[2024-10-15 11:29:13 -0700] [26438] [INFO] Booting worker with pid: 26438
[2024-10-15 11:29:13 -0700] [26387] [ERROR] Worker (pid:26423) exited with code 1
[2024-10-15 11:29:13 -0700] [26387] [ERROR] Worker (pid:26423) exited with code 1.
[2024-10-15 11:29:13 -0700] [26439] [INFO] Booting worker with pid: 26439
[2024-10-15 11:29:13 -0700] [26387] [ERROR] Worker (pid:26422) exited with code 1
[2024-10-15 11:29:13 -0700] [26387] [ERROR] Worker (pid:26422) exited with code 1.
[2024-10-15 11:29:13 -0700] [26440] [INFO] Booting worker with pid: 26440
[2024-10-15 11:29:13 -0700] [26387] [ERROR] Worker (pid:26424) exited with code 1
[2024-10-15 11:29:13 -0700] [26387] [ERROR] Worker (pid:26424) exited with code 1.
[2024-10-15 11:29:13 -0700] [26441] [INFO] Booting worker with pid: 26441
[2024-10-15 11:29:13 -0700] [26387] [ERROR] Worker (pid:26425) exited with code 1
[2024-10-15 11:29:13 -0700] [26387] [ERROR] Worker (pid:26425) exited with code 1.
[2024-10-15 11:29:13 -0700] [26442] [INFO] Booting worker with pid: 26442
[2024-10-15 11:29:13 -0700] [26387] [ERROR] Worker (pid:26426) exited with code 1
[2024-10-15 11:29:13 -0700] [26387] [ERROR] Worker (pid:26426) exited with code 1.
[2024-10-15 11:29:13 -0700] [26443] [INFO] Booting worker with pid: 26443
[2024-10-15 11:29:13 -0700] [26387] [ERROR] Worker (pid:26427) exited with code 1
[2024-10-15 11:29:13 -0700] [26387] [ERROR] Worker (pid:26427) exited with code 1.
[2024-10-15 11:29:13 -0700] [26444] [INFO] Booting worker with pid: 26444
[2024-10-15 11:29:14 -0700] [26429] [INFO] Worker exiting (pid: 26429)
[2024-10-15 11:29:14 -0700] [26428] [INFO] Worker exiting (pid: 26428)
[2024-10-15 11:29:14 -0700] [26432] [INFO] Worker exiting (pid: 26432)
[2024-10-15 11:29:14 -0700] [26431] [INFO] Worker exiting (pid: 26431)
[2024-10-15 11:29:14 -0700] [26430] [INFO] Worker exiting (pid: 26430)
[2024-10-15 11:29:14 -0700] [26433] [INFO] Worker exiting (pid: 26433)
[2024-10-15 11:29:14 -0700] [26435] [INFO] Worker exiting (pid: 26435)
[2024-10-15 11:29:14 -0700] [26387] [ERROR] Worker (pid:26429) exited with code 1
[2024-10-15 11:29:14 -0700] [26387] [ERROR] Worker (pid:26429) exited with code 1.
[2024-10-15 11:29:14 -0700] [26445] [INFO] Booting worker with pid: 26445
[2024-10-15 11:29:14 -0700] [26434] [INFO] Worker exiting (pid: 26434)
[2024-10-15 11:29:14 -0700] [26387] [ERROR] Worker (pid:26428) exited with code 1
[2024-10-15 11:29:14 -0700] [26387] [ERROR] Worker (pid:26428) exited with code 1.
[2024-10-15 11:29:14 -0700] [26436] [INFO] Worker exiting (pid: 26436)
[2024-10-15 11:29:14 -0700] [26446] [INFO] Booting worker with pid: 26446
[2024-10-15 11:29:14 -0700] [26437] [INFO] Worker exiting (pid: 26437)
[2024-10-15 11:29:15 -0700] [26387] [ERROR] Worker (pid:26432) exited with code 1
[2024-10-15 11:29:15 -0700] [26387] [ERROR] Worker (pid:26432) exited with code 1.
[2024-10-15 11:29:15 -0700] [26447] [INFO] Booting worker with pid: 26447
[2024-10-15 11:29:15 -0700] [26438] [INFO] Worker exiting (pid: 26438)
[2024-10-15 11:29:15 -0700] [26387] [ERROR] Worker (pid:26431) exited with code 1
[2024-10-15 11:29:15 -0700] [26387] [ERROR] Worker (pid:26431) exited with code 1.
[2024-10-15 11:29:15 -0700] [26448] [INFO] Booting worker with pid: 26448
[2024-10-15 11:29:15 -0700] [26439] [INFO] Worker exiting (pid: 26439)
[2024-10-15 11:29:15 -0700] [26387] [ERROR] Worker (pid:26430) exited with code 1
[2024-10-15 11:29:15 -0700] [26387] [ERROR] Worker (pid:26430) exited with code 1.
[2024-10-15 11:29:15 -0700] [26449] [INFO] Booting worker with pid: 26449
[2024-10-15 11:29:15 -0700] [26387] [ERROR] Worker (pid:26433) exited with code 1
[2024-10-15 11:29:15 -0700] [26387] [ERROR] Worker (pid:26433) exited with code 1.
[2024-10-15 11:29:15 -0700] [26387] [ERROR] Worker (pid:26435) exited with code 1
[2024-10-15 11:29:15 -0700] [26387] [ERROR] Worker (pid:26435) exited with code 1.
[2024-10-15 11:29:15 -0700] [26450] [INFO] Booting worker with pid: 26450
[2024-10-15 11:29:15 -0700] [26440] [INFO] Worker exiting (pid: 26440)
[2024-10-15 11:29:15 -0700] [26451] [INFO] Booting worker with pid: 26451
[2024-10-15 11:29:15 -0700] [26442] [INFO] Worker exiting (pid: 26442)
[2024-10-15 11:29:15 -0700] [26387] [ERROR] Worker (pid:26434) exited with code 1
[2024-10-15 11:29:15 -0700] [26387] [ERROR] Worker (pid:26434) exited with code 1.
[2024-10-15 11:29:15 -0700] [26441] [INFO] Worker exiting (pid: 26441)
[2024-10-15 11:29:15 -0700] [26452] [INFO] Booting worker with pid: 26452
[2024-10-15 11:29:15 -0700] [26444] [INFO] Worker exiting (pid: 26444)
[2024-10-15 11:29:15 -0700] [26387] [ERROR] Worker (pid:26436) exited with code 1
[2024-10-15 11:29:15 -0700] [26387] [ERROR] Worker (pid:26436) exited with code 1.
[2024-10-15 11:29:15 -0700] [26453] [INFO] Booting worker with pid: 26453
[2024-10-15 11:29:15 -0700] [26443] [INFO] Worker exiting (pid: 26443)
[2024-10-15 11:29:15 -0700] [26387] [ERROR] Worker (pid:26437) exited with code 1
[2024-10-15 11:29:15 -0700] [26387] [ERROR] Worker (pid:26437) exited with code 1.
[2024-10-15 11:29:15 -0700] [26454] [INFO] Booting worker with pid: 26454
[2024-10-15 11:29:15 -0700] [26387] [ERROR] Worker (pid:26438) exited with code 1
[2024-10-15 11:29:15 -0700] [26387] [ERROR] Worker (pid:26438) exited with code 1.
[2024-10-15 11:29:15 -0700] [26455] [INFO] Booting worker with pid: 26455
[2024-10-15 11:29:15 -0700] [26387] [ERROR] Worker (pid:26439) exited with code 1
[2024-10-15 11:29:15 -0700] [26387] [ERROR] Worker (pid:26439) exited with code 1.
[2024-10-15 11:29:15 -0700] [26456] [INFO] Booting worker with pid: 26456
[2024-10-15 11:29:15 -0700] [26387] [ERROR] Worker (pid:26440) exited with code 1
[2024-10-15 11:29:15 -0700] [26387] [ERROR] Worker (pid:26440) exited with code 1.
[2024-10-15 11:29:15 -0700] [26457] [INFO] Booting worker with pid: 26457
[2024-10-15 11:29:15 -0700] [26387] [ERROR] Worker (pid:26442) exited with code 1
[2024-10-15 11:29:15 -0700] [26387] [ERROR] Worker (pid:26442) exited with code 1.
[2024-10-15 11:29:15 -0700] [26458] [INFO] Booting worker with pid: 26458
[2024-10-15 11:29:15 -0700] [26387] [ERROR] Worker (pid:26441) exited with code 1
[2024-10-15 11:29:15 -0700] [26387] [ERROR] Worker (pid:26441) exited with code 1.
[2024-10-15 11:29:15 -0700] [26459] [INFO] Booting worker with pid: 26459
[2024-10-15 11:29:16 -0700] [26387] [ERROR] Worker (pid:26444) exited with code 1
[2024-10-15 11:29:16 -0700] [26387] [ERROR] Worker (pid:26444) exited with code 1.
[2024-10-15 11:29:16 -0700] [26460] [INFO] Booting worker with pid: 26460
[2024-10-15 11:29:16 -0700] [26387] [ERROR] Worker (pid:26443) exited with code 1
[2024-10-15 11:29:16 -0700] [26387] [ERROR] Worker (pid:26443) exited with code 1.
[2024-10-15 11:29:16 -0700] [26461] [INFO] Booting worker with pid: 26461
[2024-10-15 11:29:16 -0700] [26387] [INFO] Handling signal: int
[2024-10-15 11:29:16 -0700] [26456] [INFO] Worker exiting (pid: 26456)
[2024-10-15 11:29:16 -0700] [26447] [INFO] Worker exiting (pid: 26447)
[2024-10-15 11:29:16 -0700] [26449] [INFO] Worker exiting (pid: 26449)
[2024-10-15 11:29:16 -0700] [26448] [INFO] Worker exiting (pid: 26448)
[2024-10-15 11:29:16 -0700] [26451] [INFO] Worker exiting (pid: 26451)
[2024-10-15 11:29:16 -0700] [26458] [INFO] Worker exiting (pid: 26458)
[2024-10-15 11:29:16 -0700] [26453] [INFO] Worker exiting (pid: 26453)
[2024-10-15 11:29:16 -0700] [26457] [INFO] Worker exiting (pid: 26457)
[2024-10-15 11:29:16 -0700] [26452] [INFO] Worker exiting (pid: 26452)
[2024-10-15 11:29:16 -0700] [26454] [INFO] Worker exiting (pid: 26454)
[2024-10-15 11:29:16 -0700] [26461] [INFO] Worker exiting (pid: 26461)
[2024-10-15 11:29:16 -0700] [26450] [INFO] Worker exiting (pid: 26450)
[2024-10-15 11:29:16 -0700] [26460] [INFO] Worker exiting (pid: 26460)
[2024-10-15 11:29:16 -0700] [26459] [INFO] Worker exiting (pid: 26459)
[2024-10-15 11:29:16 -0700] [26455] [INFO] Worker exiting (pid: 26455)
[2024-10-15 11:29:16 -0700] [26445] [INFO] Worker exiting (pid: 26445)
[2024-10-15 11:29:16 -0700] [26446] [INFO] Worker exiting (pid: 26446)
[2024-10-15 11:29:16 -0700] [26387] [INFO] Shutting down: Master
[2024-10-15 11:32:22 -0700] [26642] [INFO] Starting gunicorn 21.2.0
[2024-10-15 11:32:22 -0700] [26642] [INFO] Listening at: http://127.0.0.1:8000 (26642)
[2024-10-15 11:32:22 -0700] [26642] [INFO] Using worker: sync
[2024-10-15 11:32:22 -0700] [26643] [INFO] Booting worker with pid: 26643
[2024-10-15 11:32:22 -0700] [26644] [INFO] Booting worker with pid: 26644
[2024-10-15 11:32:22 -0700] [26645] [INFO] Booting worker with pid: 26645
[2024-10-15 11:32:23 -0700] [26646] [INFO] Booting worker with pid: 26646
[2024-10-15 11:32:23 -0700] [26647] [INFO] Booting worker with pid: 26647
[2024-10-15 11:32:23 -0700] [26648] [INFO] Booting worker with pid: 26648
[2024-10-15 11:32:23 -0700] [26649] [INFO] Booting worker with pid: 26649
[2024-10-15 11:32:23 -0700] [26650] [INFO] Booting worker with pid: 26650
[2024-10-15 11:32:23 -0700] [26651] [INFO] Booting worker with pid: 26651
[2024-10-15 11:32:23 -0700] [26652] [INFO] Booting worker with pid: 26652
[2024-10-15 11:32:23 -0700] [26653] [INFO] Booting worker with pid: 26653
[2024-10-15 11:32:23 -0700] [26654] [INFO] Booting worker with pid: 26654
[2024-10-15 11:32:23 -0700] [26655] [INFO] Booting worker with pid: 26655
[2024-10-15 11:32:23 -0700] [26656] [INFO] Booting worker with pid: 26656
[2024-10-15 11:32:23 -0700] [26657] [INFO] Booting worker with pid: 26657
[2024-10-15 11:32:23 -0700] [26658] [INFO] Booting worker with pid: 26658
[2024-10-15 11:32:23 -0700] [26659] [INFO] Booting worker with pid: 26659
[2024-10-15 18:02:11 -0700] [26642] [INFO] Handling signal: int
[2024-10-15 18:02:11 -0700] [26643] [INFO] Worker exiting (pid: 26643)
[2024-10-15 18:02:11 -0700] [26649] [INFO] Worker exiting (pid: 26649)
[2024-10-15 18:02:11 -0700] [26653] [INFO] Worker exiting (pid: 26653)
[2024-10-15 18:02:11 -0700] [26647] [INFO] Worker exiting (pid: 26647)
[2024-10-15 18:02:11 -0700] [26650] [INFO] Worker exiting (pid: 26650)
[2024-10-15 18:02:11 -0700] [26654] [INFO] Worker exiting (pid: 26654)
[2024-10-15 18:02:11 -0700] [26645] [INFO] Worker exiting (pid: 26645)
[2024-10-15 18:02:11 -0700] [26657] [INFO] Worker exiting (pid: 26657)
[2024-10-15 18:02:11 -0700] [26651] [INFO] Worker exiting (pid: 26651)
[2024-10-15 18:02:11 -0700] [26655] [INFO] Worker exiting (pid: 26655)
[2024-10-15 18:02:11 -0700] [26646] [INFO] Worker exiting (pid: 26646)
[2024-10-15 18:02:11 -0700] [26644] [INFO] Worker exiting (pid: 26644)
[2024-10-15 18:02:11 -0700] [26648] [INFO] Worker exiting (pid: 26648)
[2024-10-15 18:02:11 -0700] [26659] [INFO] Worker exiting (pid: 26659)
[2024-10-15 18:02:11 -0700] [26658] [INFO] Worker exiting (pid: 26658)
[2024-10-15 18:02:12 -0700] [26656] [INFO] Worker exiting (pid: 26656)
[2024-10-15 18:02:11 -0700] [26652] [INFO] Worker exiting (pid: 26652)
[2024-10-15 18:02:12 -0700] [26642] [INFO] Shutting down: Master
[2024-10-15 18:02:53 -0700] [29345] [INFO] Starting gunicorn 21.2.0
[2024-10-15 18:02:53 -0700] [29345] [INFO] Listening at: http://127.0.0.1:8000 (29345)
[2024-10-15 18:02:53 -0700] [29345] [INFO] Using worker: sync
[2024-10-15 18:02:53 -0700] [29346] [INFO] Booting worker with pid: 29346
[2024-10-15 18:02:53 -0700] [29347] [INFO] Booting worker with pid: 29347
[2024-10-15 18:02:53 -0700] [29348] [INFO] Booting worker with pid: 29348
[2024-10-15 18:02:53 -0700] [29349] [INFO] Booting worker with pid: 29349
[2024-10-15 18:02:53 -0700] [29350] [INFO] Booting worker with pid: 29350
[2024-10-15 18:02:53 -0700] [29351] [INFO] Booting worker with pid: 29351
[2024-10-15 18:02:53 -0700] [29352] [INFO] Booting worker with pid: 29352
[2024-10-15 18:02:53 -0700] [29353] [INFO] Booting worker with pid: 29353
[2024-10-15 18:02:53 -0700] [29354] [INFO] Booting worker with pid: 29354
[2024-10-15 18:02:53 -0700] [29355] [INFO] Booting worker with pid: 29355
[2024-10-15 18:02:53 -0700] [29356] [INFO] Booting worker with pid: 29356
[2024-10-15 18:02:54 -0700] [29357] [INFO] Booting worker with pid: 29357
[2024-10-15 18:02:54 -0700] [29358] [INFO] Booting worker with pid: 29358
[2024-10-15 18:02:54 -0700] [29359] [INFO] Booting worker with pid: 29359
[2024-10-15 18:02:54 -0700] [29360] [INFO] Booting worker with pid: 29360
[2024-10-15 18:02:54 -0700] [29361] [INFO] Booting worker with pid: 29361
[2024-10-15 18:02:54 -0700] [29362] [INFO] Booting worker with pid: 29362
[2024-10-16 05:49:09 -0700] [34997] [INFO] Starting gunicorn 21.2.0
[2024-10-16 05:49:09 -0700] [34997] [ERROR] Connection in use: ('127.0.0.1', 8000)
[2024-10-16 05:49:09 -0700] [34997] [ERROR] Retrying in 1 second.
[2024-10-16 05:49:10 -0700] [34997] [ERROR] Connection in use: ('127.0.0.1', 8000)
[2024-10-16 05:49:10 -0700] [34997] [ERROR] Retrying in 1 second.
[2024-10-16 05:49:11 -0700] [34997] [ERROR] Connection in use: ('127.0.0.1', 8000)
[2024-10-16 05:49:11 -0700] [34997] [ERROR] Retrying in 1 second.
[2024-10-16 05:49:12 -0700] [34997] [ERROR] Connection in use: ('127.0.0.1', 8000)
[2024-10-16 05:49:12 -0700] [34997] [ERROR] Retrying in 1 second.
[2024-10-16 05:49:13 -0700] [34997] [ERROR] Connection in use: ('127.0.0.1', 8000)
[2024-10-16 05:49:13 -0700] [34997] [ERROR] Retrying in 1 second.
[2024-10-16 05:49:14 -0700] [34997] [ERROR] Can't connect to ('127.0.0.1', 8000)
[2024-10-16 05:51:51 -0700] [29351] [INFO] Worker exiting (pid: 29351)
[2024-10-16 05:51:51 -0700] [29350] [INFO] Worker exiting (pid: 29350)
[2024-10-16 05:51:51 -0700] [29347] [INFO] Worker exiting (pid: 29347)
[2024-10-16 05:51:51 -0700] [29360] [INFO] Worker exiting (pid: 29360)
[2024-10-16 05:51:51 -0700] [29358] [INFO] Worker exiting (pid: 29358)
[2024-10-16 05:51:51 -0700] [29353] [INFO] Worker exiting (pid: 29353)
[2024-10-16 05:51:51 -0700] [29348] [INFO] Worker exiting (pid: 29348)
[2024-10-16 05:51:51 -0700] [29359] [INFO] Worker exiting (pid: 29359)
[2024-10-16 05:51:51 -0700] [29352] [INFO] Worker exiting (pid: 29352)
[2024-10-16 05:51:51 -0700] [29346] [INFO] Worker exiting (pid: 29346)
[2024-10-16 05:51:51 -0700] [29345] [INFO] Handling signal: term
[2024-10-16 05:51:51 -0700] [29357] [INFO] Worker exiting (pid: 29357)
[2024-10-16 05:51:51 -0700] [29356] [INFO] Worker exiting (pid: 29356)
[2024-10-16 05:51:51 -0700] [29361] [INFO] Worker exiting (pid: 29361)
[2024-10-16 05:51:51 -0700] [29355] [INFO] Worker exiting (pid: 29355)
[2024-10-16 05:51:51 -0700] [29345] [ERROR] Worker (pid:29347) was sent SIGTERM!
[2024-10-16 05:51:51 -0700] [29345] [ERROR] Worker (pid:29353) was sent SIGTERM!
[2024-10-16 05:51:51 -0700] [29362] [INFO] Worker exiting (pid: 29362)
[2024-10-16 05:51:51 -0700] [29345] [ERROR] Worker (pid:29351) was sent SIGTERM!
[2024-10-16 05:51:51 -0700] [29345] [ERROR] Worker (pid:29360) was sent SIGTERM!
[2024-10-16 05:51:51 -0700] [29349] [INFO] Worker exiting (pid: 29349)
[2024-10-16 05:51:51 -0700] [29354] [INFO] Worker exiting (pid: 29354)
[2024-10-16 05:51:51 -0700] [29345] [ERROR] Worker (pid:29358) was sent SIGTERM!
[2024-10-16 05:51:52 -0700] [29345] [INFO] Shutting down: Master
[2024-10-16 05:52:12 -0700] [36056] [INFO] Starting gunicorn 21.2.0
[2024-10-16 05:52:12 -0700] [36056] [INFO] Listening at: http://127.0.0.1:8000 (36056)
[2024-10-16 05:52:12 -0700] [36056] [INFO] Using worker: sync
[2024-10-16 05:52:12 -0700] [36057] [INFO] Booting worker with pid: 36057
[2024-10-16 05:52:12 -0700] [36058] [INFO] Booting worker with pid: 36058
[2024-10-16 05:52:12 -0700] [36059] [INFO] Booting worker with pid: 36059
[2024-10-16 05:52:12 -0700] [36060] [INFO] Booting worker with pid: 36060
[2024-10-16 05:52:12 -0700] [36061] [INFO] Booting worker with pid: 36061
[2024-10-16 05:52:12 -0700] [36062] [INFO] Booting worker with pid: 36062
[2024-10-16 05:52:12 -0700] [36063] [INFO] Booting worker with pid: 36063
[2024-10-16 05:52:12 -0700] [36064] [INFO] Booting worker with pid: 36064
[2024-10-16 05:52:12 -0700] [36065] [INFO] Booting worker with pid: 36065
[2024-10-16 05:52:12 -0700] [36066] [INFO] Booting worker with pid: 36066
[2024-10-16 05:52:12 -0700] [36067] [INFO] Booting worker with pid: 36067
[2024-10-16 05:52:12 -0700] [36068] [INFO] Booting worker with pid: 36068
[2024-10-16 05:52:13 -0700] [36069] [INFO] Booting worker with pid: 36069
[2024-10-16 05:52:13 -0700] [36070] [INFO] Booting worker with pid: 36070
[2024-10-16 05:52:13 -0700] [36071] [INFO] Booting worker with pid: 36071
[2024-10-16 05:52:13 -0700] [36072] [INFO] Booting worker with pid: 36072
[2024-10-16 05:52:13 -0700] [36073] [INFO] Booting worker with pid: 36073
[2024-10-16 05:52:47 -0700] [36302] [INFO] Starting gunicorn 21.2.0
[2024-10-16 05:52:47 -0700] [36302] [ERROR] Connection in use: ('127.0.0.1', 8000)
[2024-10-16 05:52:47 -0700] [36302] [ERROR] Retrying in 1 second.
[2024-10-16 05:52:48 -0700] [36302] [ERROR] Connection in use: ('127.0.0.1', 8000)
[2024-10-16 05:52:48 -0700] [36302] [ERROR] Retrying in 1 second.
[2024-10-16 05:52:49 -0700] [36302] [ERROR] Connection in use: ('127.0.0.1', 8000)
[2024-10-16 05:52:49 -0700] [36302] [ERROR] Retrying in 1 second.
[2024-10-16 05:52:50 -0700] [36302] [ERROR] Connection in use: ('127.0.0.1', 8000)
[2024-10-16 05:52:50 -0700] [36302] [ERROR] Retrying in 1 second.
[2024-10-16 05:52:51 -0700] [36302] [ERROR] Connection in use: ('127.0.0.1', 8000)
[2024-10-16 05:52:51 -0700] [36302] [ERROR] Retrying in 1 second.
[2024-10-16 05:52:52 -0700] [36302] [ERROR] Can't connect to ('127.0.0.1', 8000)
[2024-10-16 05:54:37 -0700] [36059] [INFO] Worker reloading: /Users/chrisbeaumont/Projects/YouTubeReports/gunicorn.conf.py modified
[2024-10-16 05:54:37 -0700] [36059] [INFO] Worker exiting (pid: 36059)
[2024-10-16 05:54:37 -0700] [36385] [INFO] Booting worker with pid: 36385
[2024-10-16 05:54:37 -0700] [36060] [INFO] Worker reloading: /Users/chrisbeaumont/Projects/YouTubeReports/gunicorn.conf.py modified
[2024-10-16 05:54:37 -0700] [36060] [INFO] Worker exiting (pid: 36060)
[2024-10-16 05:54:38 -0700] [36063] [INFO] Worker reloading: /Users/chrisbeaumont/Projects/YouTubeReports/gunicorn.conf.py modified
[2024-10-16 05:54:38 -0700] [36061] [INFO] Worker reloading: /Users/chrisbeaumont/Projects/YouTubeReports/gunicorn.conf.py modified
[2024-10-16 05:54:38 -0700] [36063] [INFO] Worker exiting (pid: 36063)
[2024-10-16 05:54:38 -0700] [36061] [INFO] Worker exiting (pid: 36061)
[2024-10-16 05:54:38 -0700] [36065] [INFO] Worker reloading: /Users/chrisbeaumont/Projects/YouTubeReports/gunicorn.conf.py modified
[2024-10-16 05:54:38 -0700] [36065] [INFO] Worker exiting (pid: 36065)
[2024-10-16 05:54:38 -0700] [36062] [INFO] Worker reloading: /Users/chrisbeaumont/Projects/YouTubeReports/gunicorn.conf.py modified
[2024-10-16 05:54:38 -0700] [36062] [INFO] Worker exiting (pid: 36062)
[2024-10-16 05:54:38 -0700] [36057] [INFO] Worker reloading: /Users/chrisbeaumont/Projects/YouTubeReports/gunicorn.conf.py modified
[2024-10-16 05:54:38 -0700] [36057] [INFO] Worker exiting (pid: 36057)
[2024-10-16 05:54:38 -0700] [36064] [INFO] Worker reloading: /Users/chrisbeaumont/Projects/YouTubeReports/gunicorn.conf.py modified
[2024-10-16 05:54:38 -0700] [36064] [INFO] Worker exiting (pid: 36064)
[2024-10-16 05:54:38 -0700] [36386] [INFO] Booting worker with pid: 36386
[2024-10-16 05:54:38 -0700] [36058] [INFO] Worker reloading: /Users/chrisbeaumont/Projects/YouTubeReports/gunicorn.conf.py modified
[2024-10-16 05:54:38 -0700] [36068] [INFO] Worker reloading: /Users/chrisbeaumont/Projects/YouTubeReports/gunicorn.conf.py modified
[2024-10-16 05:54:38 -0700] [36070] [INFO] Worker reloading: /Users/chrisbeaumont/Projects/YouTubeReports/gunicorn.conf.py modified
[2024-10-16 05:54:38 -0700] [36067] [INFO] Worker reloading: /Users/chrisbeaumont/Projects/YouTubeReports/gunicorn.conf.py modified
[2024-10-16 05:54:38 -0700] [36058] [INFO] Worker exiting (pid: 36058)
[2024-10-16 05:54:38 -0700] [36073] [INFO] Worker reloading: /Users/chrisbeaumont/Projects/YouTubeReports/gunicorn.conf.py modified
[2024-10-16 05:54:38 -0700] [36073] [INFO] Worker exiting (pid: 36073)
[2024-10-16 05:54:38 -0700] [36072] [INFO] Worker reloading: /Users/chrisbeaumont/Projects/YouTubeReports/gunicorn.conf.py modified
[2024-10-16 05:54:38 -0700] [36066] [INFO] Worker reloading: /Users/chrisbeaumont/Projects/YouTubeReports/gunicorn.conf.py modified
[2024-10-16 05:54:38 -0700] [36069] [INFO] Worker reloading: /Users/chrisbeaumont/Projects/YouTubeReports/gunicorn.conf.py modified
[2024-10-16 05:54:38 -0700] [36068] [INFO] Worker exiting (pid: 36068)
[2024-10-16 05:54:38 -0700] [36070] [INFO] Worker exiting (pid: 36070)
[2024-10-16 05:54:38 -0700] [36067] [INFO] Worker exiting (pid: 36067)
[2024-10-16 05:54:38 -0700] [36071] [INFO] Worker reloading: /Users/chrisbeaumont/Projects/YouTubeReports/gunicorn.conf.py modified
[2024-10-16 05:54:38 -0700] [36072] [INFO] Worker exiting (pid: 36072)
[2024-10-16 05:54:38 -0700] [36066] [INFO] Worker exiting (pid: 36066)
[2024-10-16 05:54:38 -0700] [36069] [INFO] Worker exiting (pid: 36069)
[2024-10-16 05:54:38 -0700] [36071] [INFO] Worker exiting (pid: 36071)
[2024-10-16 05:54:38 -0700] [36387] [INFO] Booting worker with pid: 36387
[2024-10-16 05:54:38 -0700] [36388] [INFO] Booting worker with pid: 36388
[2024-10-16 05:54:38 -0700] [36389] [INFO] Booting worker with pid: 36389
[2024-10-16 05:54:38 -0700] [36390] [INFO] Booting worker with pid: 36390
[2024-10-16 05:54:38 -0700] [36391] [INFO] Booting worker with pid: 36391
[2024-10-16 05:54:38 -0700] [36393] [INFO] Booting worker with pid: 36393
[2024-10-16 05:54:38 -0700] [36394] [INFO] Booting worker with pid: 36394
[2024-10-16 05:54:38 -0700] [36395] [INFO] Booting worker with pid: 36395
[2024-10-16 05:54:38 -0700] [36396] [INFO] Booting worker with pid: 36396
[2024-10-16 05:54:39 -0700] [36397] [INFO] Booting worker with pid: 36397
[2024-10-16 05:54:39 -0700] [36398] [INFO] Booting worker with pid: 36398
[2024-10-16 05:54:39 -0700] [36399] [INFO] Booting worker with pid: 36399
[2024-10-16 05:54:39 -0700] [36400] [INFO] Booting worker with pid: 36400
[2024-10-16 05:54:39 -0700] [36401] [INFO] Booting worker with pid: 36401
[2024-10-16 05:54:39 -0700] [36402] [INFO] Booting worker with pid: 36402
[2024-10-16 05:54:48 -0700] [36390] [INFO] Worker reloading: /Users/chrisbeaumont/Projects/YouTubeReports/gunicorn.conf.py modified
[2024-10-16 05:54:48 -0700] [36387] [INFO] Worker reloading: /Users/chrisbeaumont/Projects/YouTubeReports/gunicorn.conf.py modified
[2024-10-16 05:54:48 -0700] [36388] [INFO] Worker reloading: /Users/chrisbeaumont/Projects/YouTubeReports/gunicorn.conf.py modified
[2024-10-16 05:54:48 -0700] [36390] [INFO] Worker exiting (pid: 36390)
[2024-10-16 05:54:48 -0700] [36387] [INFO] Worker exiting (pid: 36387)
[2024-10-16 05:54:48 -0700] [36389] [INFO] Worker reloading: /Users/chrisbeaumont/Projects/YouTubeReports/gunicorn.conf.py modified
[2024-10-16 05:54:48 -0700] [36388] [INFO] Worker exiting (pid: 36388)
[2024-10-16 05:54:48 -0700] [36389] [INFO] Worker exiting (pid: 36389)
[2024-10-16 05:54:48 -0700] [36393] [INFO] Worker reloading: /Users/chrisbeaumont/Projects/YouTubeReports/gunicorn.conf.py modified
[2024-10-16 05:54:48 -0700] [36393] [INFO] Worker exiting (pid: 36393)
[2024-10-16 05:54:48 -0700] [36395] [INFO] Worker reloading: /Users/chrisbeaumont/Projects/YouTubeReports/gunicorn.conf.py modified
[2024-10-16 05:54:48 -0700] [36394] [INFO] Worker reloading: /Users/chrisbeaumont/Projects/YouTubeReports/gunicorn.conf.py modified
[2024-10-16 05:54:48 -0700] [36395] [INFO] Worker exiting (pid: 36395)
[2024-10-16 05:54:48 -0700] [36394] [INFO] Worker exiting (pid: 36394)
[2024-10-16 05:54:48 -0700] [36391] [INFO] Worker reloading: /Users/chrisbeaumont/Projects/YouTubeReports/gunicorn.conf.py modified
[2024-10-16 05:54:48 -0700] [36391] [INFO] Worker exiting (pid: 36391)
[2024-10-16 05:54:48 -0700] [36397] [INFO] Worker reloading: /Users/chrisbeaumont/Projects/YouTubeReports/gunicorn.conf.py modified
[2024-10-16 05:54:48 -0700] [36397] [INFO] Worker exiting (pid: 36397)
[2024-10-16 05:54:48 -0700] [36400] [INFO] Worker reloading: /Users/chrisbeaumont/Projects/YouTubeReports/gunicorn.conf.py modified
[2024-10-16 05:54:48 -0700] [36396] [INFO] Worker reloading: /Users/chrisbeaumont/Projects/YouTubeReports/gunicorn.conf.py modified
[2024-10-16 05:54:48 -0700] [36400] [INFO] Worker exiting (pid: 36400)
[2024-10-16 05:54:48 -0700] [36396] [INFO] Worker exiting (pid: 36396)
[2024-10-16 05:54:48 -0700] [36401] [INFO] Worker reloading: /Users/chrisbeaumont/Projects/YouTubeReports/gunicorn.conf.py modified
[2024-10-16 05:54:48 -0700] [36401] [INFO] Worker exiting (pid: 36401)
[2024-10-16 05:54:48 -0700] [36399] [INFO] Worker reloading: /Users/chrisbeaumont/Projects/YouTubeReports/gunicorn.conf.py modified
[2024-10-16 05:54:48 -0700] [36398] [INFO] Worker reloading: /Users/chrisbeaumont/Projects/YouTubeReports/gunicorn.conf.py modified
[2024-10-16 05:54:48 -0700] [36399] [INFO] Worker exiting (pid: 36399)
[2024-10-16 05:54:48 -0700] [36398] [INFO] Worker exiting (pid: 36398)
[2024-10-16 05:54:48 -0700] [36402] [INFO] Worker reloading: /Users/chrisbeaumont/Projects/YouTubeReports/gunicorn.conf.py modified
[2024-10-16 05:54:48 -0700] [36402] [INFO] Worker exiting (pid: 36402)
[2024-10-16 05:54:48 -0700] [36406] [INFO] Booting worker with pid: 36406
[2024-10-16 05:54:48 -0700] [36407] [INFO] Booting worker with pid: 36407
[2024-10-16 05:54:49 -0700] [36385] [INFO] Worker reloading: /Users/chrisbeaumont/Projects/YouTubeReports/gunicorn.conf.py modified
[2024-10-16 05:54:49 -0700] [36385] [INFO] Worker exiting (pid: 36385)
[2024-10-16 05:54:49 -0700] [36408] [INFO] Booting worker with pid: 36408
[2024-10-16 05:54:49 -0700] [36409] [INFO] Booting worker with pid: 36409
[2024-10-16 05:54:49 -0700] [36410] [INFO] Booting worker with pid: 36410
[2024-10-16 05:54:49 -0700] [36411] [INFO] Booting worker with pid: 36411
[2024-10-16 05:54:49 -0700] [36386] [INFO] Worker reloading: /Users/chrisbeaumont/Projects/YouTubeReports/gunicorn.conf.py modified
[2024-10-16 05:54:49 -0700] [36386] [INFO] Worker exiting (pid: 36386)
[2024-10-16 05:54:49 -0700] [36412] [INFO] Booting worker with pid: 36412
[2024-10-16 05:54:49 -0700] [36413] [INFO] Booting worker with pid: 36413
[2024-10-16 05:54:49 -0700] [36414] [INFO] Booting worker with pid: 36414
[2024-10-16 05:54:49 -0700] [36415] [INFO] Booting worker with pid: 36415
[2024-10-16 05:54:49 -0700] [36416] [INFO] Booting worker with pid: 36416
[2024-10-16 05:54:49 -0700] [36417] [INFO] Booting worker with pid: 36417
[2024-10-16 05:54:49 -0700] [36418] [INFO] Booting worker with pid: 36418
[2024-10-16 05:54:49 -0700] [36419] [INFO] Booting worker with pid: 36419
[2024-10-16 05:54:49 -0700] [36420] [INFO] Booting worker with pid: 36420
[2024-10-16 05:54:49 -0700] [36421] [INFO] Booting worker with pid: 36421
[2024-10-16 05:54:49 -0700] [36422] [INFO] Booting worker with pid: 36422
[2024-10-16 05:54:57 -0700] [36056] [INFO] Handling signal: int
[2024-10-16 05:54:58 -0700] [36412] [INFO] Worker exiting (pid: 36412)
[2024-10-16 05:54:58 -0700] [36420] [INFO] Worker exiting (pid: 36420)
[2024-10-16 05:54:58 -0700] [36416] [INFO] Worker exiting (pid: 36416)
[2024-10-16 05:54:58 -0700] [36408] [INFO] Worker exiting (pid: 36408)
[2024-10-16 05:54:58 -0700] [36411] [INFO] Worker exiting (pid: 36411)
[2024-10-16 05:54:58 -0700] [36409] [INFO] Worker exiting (pid: 36409)
[2024-10-16 05:54:58 -0700] [36407] [INFO] Worker exiting (pid: 36407)
[2024-10-16 05:54:58 -0700] [36414] [INFO] Worker exiting (pid: 36414)
[2024-10-16 05:54:58 -0700] [36410] [INFO] Worker exiting (pid: 36410)
[2024-10-16 05:54:58 -0700] [36406] [INFO] Worker exiting (pid: 36406)
[2024-10-16 05:54:58 -0700] [36417] [INFO] Worker exiting (pid: 36417)
[2024-10-16 05:54:58 -0700] [36419] [INFO] Worker exiting (pid: 36419)
[2024-10-16 05:54:58 -0700] [36413] [INFO] Worker exiting (pid: 36413)
[2024-10-16 05:54:58 -0700] [36422] [INFO] Worker exiting (pid: 36422)
[2024-10-16 05:54:58 -0700] [36418] [INFO] Worker exiting (pid: 36418)
[2024-10-16 05:54:58 -0700] [36421] [INFO] Worker exiting (pid: 36421)
[2024-10-16 05:54:58 -0700] [36415] [INFO] Worker exiting (pid: 36415)
[2024-10-16 05:54:58 -0700] [36056] [INFO] Shutting down: Master
[2024-10-16 05:55:09 -0700] [36506] [INFO] Starting gunicorn 21.2.0
[2024-10-16 05:55:09 -0700] [36506] [INFO] Listening at: http://0.0.0.0:8000 (36506)
[2024-10-16 05:55:09 -0700] [36506] [INFO] Using worker: sync
[2024-10-16 05:55:09 -0700] [36507] [INFO] Booting worker with pid: 36507
[2024-10-16 05:55:09 -0700] [36508] [INFO] Booting worker with pid: 36508
[2024-10-16 05:55:09 -0700] [36509] [INFO] Booting worker with pid: 36509
[2024-10-16 05:55:09 -0700] [36510] [INFO] Booting worker with pid: 36510
[2024-10-16 05:55:09 -0700] [36511] [INFO] Booting worker with pid: 36511
[2024-10-16 05:55:09 -0700] [36512] [INFO] Booting worker with pid: 36512
[2024-10-16 05:55:09 -0700] [36514] [INFO] Booting worker with pid: 36514
[2024-10-16 05:55:09 -0700] [36513] [INFO] Booting worker with pid: 36513
[2024-10-16 05:55:09 -0700] [36515] [INFO] Booting worker with pid: 36515
[2024-10-16 05:55:09 -0700] [36516] [INFO] Booting worker with pid: 36516
[2024-10-16 05:55:09 -0700] [36517] [INFO] Booting worker with pid: 36517
[2024-10-16 05:55:09 -0700] [36518] [INFO] Booting worker with pid: 36518
[2024-10-16 05:55:09 -0700] [36519] [INFO] Booting worker with pid: 36519
[2024-10-16 05:55:09 -0700] [36520] [INFO] Booting worker with pid: 36520
[2024-10-16 05:55:10 -0700] [36521] [INFO] Booting worker with pid: 36521
[2024-10-16 05:55:10 -0700] [36522] [INFO] Booting worker with pid: 36522
[2024-10-16 05:55:10 -0700] [36523] [INFO] Booting worker with pid: 36523
[2024-10-16 06:00:06 -0700] [36506] [CRITICAL] WORKER TIMEOUT (pid:36512)
[2024-10-16 06:00:06 -0700] [36512] [INFO] Worker exiting (pid: 36512)
[2024-10-16 06:00:06 -0700] [36506] [ERROR] Worker (pid:36512) exited with code 1
[2024-10-16 06:00:06 -0700] [36506] [ERROR] Worker (pid:36512) exited with code 1.
[2024-10-16 06:00:06 -0700] [36615] [INFO] Booting worker with pid: 36615
[2024-10-16 06:08:15 -0700] [36515] [INFO] Worker reloading: /Users/chrisbeaumont/Projects/YouTubeReports/app.py modified
[2024-10-16 06:08:15 -0700] [36520] [INFO] Worker reloading: /Users/chrisbeaumont/Projects/YouTubeReports/app.py modified
[2024-10-16 06:08:15 -0700] [36523] [INFO] Worker reloading: /Users/chrisbeaumont/Projects/YouTubeReports/app.py modified
[2024-10-16 06:08:15 -0700] [36513] [INFO] Worker reloading: /Users/chrisbeaumont/Projects/YouTubeReports/app.py modified
[2024-10-16 06:08:15 -0700] [36517] [INFO] Worker reloading: /Users/chrisbeaumont/Projects/YouTubeReports/app.py modified
[2024-10-16 06:08:15 -0700] [36516] [INFO] Worker reloading: /Users/chrisbeaumont/Projects/YouTubeReports/app.py modified
[2024-10-16 06:08:15 -0700] [36519] [INFO] Worker reloading: /Users/chrisbeaumont/Projects/YouTubeReports/app.py modified
[2024-10-16 06:08:15 -0700] [36515] [INFO] Worker exiting (pid: 36515)
[2024-10-16 06:08:15 -0700] [36520] [INFO] Worker exiting (pid: 36520)
[2024-10-16 06:08:15 -0700] [36523] [INFO] Worker exiting (pid: 36523)
[2024-10-16 06:08:15 -0700] [36513] [INFO] Worker exiting (pid: 36513)
[2024-10-16 06:08:15 -0700] [36517] [INFO] Worker exiting (pid: 36517)
[2024-10-16 06:08:15 -0700] [36522] [INFO] Worker reloading: /Users/chrisbeaumont/Projects/YouTubeReports/app.py modified
[2024-10-16 06:08:15 -0700] [36615] [INFO] Worker reloading: /Users/chrisbeaumont/Projects/YouTubeReports/app.py modified
[2024-10-16 06:08:15 -0700] [36507] [INFO] Worker reloading: /Users/chrisbeaumont/Projects/YouTubeReports/app.py modified
[2024-10-16 06:08:15 -0700] [36521] [INFO] Worker reloading: /Users/chrisbeaumont/Projects/YouTubeReports/app.py modified
[2024-10-16 06:08:15 -0700] [36522] [INFO] Worker exiting (pid: 36522)
[2024-10-16 06:08:15 -0700] [36519] [INFO] Worker exiting (pid: 36519)
[2024-10-16 06:08:15 -0700] [36516] [INFO] Worker exiting (pid: 36516)
[2024-10-16 06:08:15 -0700] [36615] [INFO] Worker exiting (pid: 36615)
[2024-10-16 06:08:15 -0700] [36518] [INFO] Worker reloading: /Users/chrisbeaumont/Projects/YouTubeReports/app.py modified
[2024-10-16 06:08:15 -0700] [36518] [INFO] Worker exiting (pid: 36518)
[2024-10-16 06:08:15 -0700] [36507] [INFO] Worker exiting (pid: 36507)
[2024-10-16 06:08:15 -0700] [36521] [INFO] Worker exiting (pid: 36521)
[2024-10-16 06:08:15 -0700] [36509] [INFO] Worker reloading: /Users/chrisbeaumont/Projects/YouTubeReports/app.py modified
[2024-10-16 06:08:15 -0700] [36514] [INFO] Worker reloading: /Users/chrisbeaumont/Projects/YouTubeReports/app.py modified
[2024-10-16 06:08:15 -0700] [36509] [INFO] Worker exiting (pid: 36509)
[2024-10-16 06:08:15 -0700] [36514] [INFO] Worker exiting (pid: 36514)
[2024-10-16 06:08:15 -0700] [36510] [INFO] Worker reloading: /Users/chrisbeaumont/Projects/YouTubeReports/app.py modified
[2024-10-16 06:08:15 -0700] [36508] [INFO] Worker reloading: /Users/chrisbeaumont/Projects/YouTubeReports/app.py modified
[2024-10-16 06:08:15 -0700] [36510] [INFO] Worker exiting (pid: 36510)
[2024-10-16 06:08:15 -0700] [36508] [INFO] Worker exiting (pid: 36508)
[2024-10-16 06:08:15 -0700] [36511] [INFO] Worker reloading: /Users/chrisbeaumont/Projects/YouTubeReports/app.py modified
[2024-10-16 06:08:15 -0700] [36511] [INFO] Worker exiting (pid: 36511)
[2024-10-16 06:08:16 -0700] [36785] [INFO] Booting worker with pid: 36785
[2024-10-16 06:08:16 -0700] [36787] [INFO] Booting worker with pid: 36787
[2024-10-16 06:08:16 -0700] [36788] [INFO] Booting worker with pid: 36788
[2024-10-16 06:08:16 -0700] [36789] [INFO] Booting worker with pid: 36789
[2024-10-16 06:08:16 -0700] [36790] [INFO] Booting worker with pid: 36790
[2024-10-16 06:08:16 -0700] [36791] [INFO] Booting worker with pid: 36791
[2024-10-16 06:08:16 -0700] [36792] [INFO] Booting worker with pid: 36792
[2024-10-16 06:08:16 -0700] [36793] [INFO] Booting worker with pid: 36793
[2024-10-16 06:08:16 -0700] [36794] [INFO] Booting worker with pid: 36794
[2024-10-16 06:08:16 -0700] [36795] [INFO] Booting worker with pid: 36795
[2024-10-16 06:08:16 -0700] [36796] [INFO] Booting worker with pid: 36796
[2024-10-16 06:08:16 -0700] [36797] [INFO] Booting worker with pid: 36797
[2024-10-16 06:08:16 -0700] [36798] [INFO] Booting worker with pid: 36798
[2024-10-16 06:08:16 -0700] [36799] [INFO] Booting worker with pid: 36799
[2024-10-16 06:08:16 -0700] [36800] [INFO] Booting worker with pid: 36800
[2024-10-16 06:08:16 -0700] [36785] [ERROR] Exception in worker process
Traceback (most recent call last):
  File "/Users/chrisbeaumont/Projects/youtube_reports_env/lib/python3.12/site-packages/gunicorn/arbiter.py", line 609, in spawn_worker
    worker.init_process()
  File "/Users/chrisbeaumont/Projects/youtube_reports_env/lib/python3.12/site-packages/gunicorn/workers/base.py", line 134, in init_process
    self.load_wsgi()
  File "/Users/chrisbeaumont/Projects/youtube_reports_env/lib/python3.12/site-packages/gunicorn/workers/base.py", line 146, in load_wsgi
    self.wsgi = self.app.wsgi()
                ^^^^^^^^^^^^^^^
  File "/Users/chrisbeaumont/Projects/youtube_reports_env/lib/python3.12/site-packages/gunicorn/app/base.py", line 67, in wsgi
    self.callable = self.load()
                    ^^^^^^^^^^^
  File "/Users/chrisbeaumont/Projects/youtube_reports_env/lib/python3.12/site-packages/gunicorn/app/wsgiapp.py", line 58, in load
    return self.load_wsgiapp()
           ^^^^^^^^^^^^^^^^^^^
  File "/Users/chrisbeaumont/Projects/youtube_reports_env/lib/python3.12/site-packages/gunicorn/app/wsgiapp.py", line 48, in load_wsgiapp
    return util.import_app(self.app_uri)
           ^^^^^^^^^^^^^^^^^^^^^^^^^^^^^
  File "/Users/chrisbeaumont/Projects/youtube_reports_env/lib/python3.12/site-packages/gunicorn/util.py", line 371, in import_app
    mod = importlib.import_module(module)
          ^^^^^^^^^^^^^^^^^^^^^^^^^^^^^^^
  File "/Library/Frameworks/Python.framework/Versions/3.12/lib/python3.12/importlib/__init__.py", line 90, in import_module
    return _bootstrap._gcd_import(name[level:], package, level)
           ^^^^^^^^^^^^^^^^^^^^^^^^^^^^^^^^^^^^^^^^^^^^^^^^^^^^
  File "<frozen importlib._bootstrap>", line 1387, in _gcd_import
  File "<frozen importlib._bootstrap>", line 1360, in _find_and_load
  File "<frozen importlib._bootstrap>", line 1331, in _find_and_load_unlocked
  File "<frozen importlib._bootstrap>", line 935, in _load_unlocked
  File "<frozen importlib._bootstrap_external>", line 995, in exec_module
  File "<frozen importlib._bootstrap>", line 488, in _call_with_frames_removed
  File "/Users/chrisbeaumont/Projects/YouTubeReports/app.py", line 29, in <module>
    file_handler = RotatingFileHandler('logs/lumina.log', maxBytes=10240, backupCount=10)
                   ^^^^^^^^^^^^^^^^^^^
NameError: name 'RotatingFileHandler' is not defined
[2024-10-16 06:08:16 -0700] [36785] [INFO] Worker exiting (pid: 36785)
[2024-10-16 06:08:16 -0700] [36801] [INFO] Booting worker with pid: 36801
[2024-10-16 06:08:16 -0700] [36802] [INFO] Booting worker with pid: 36802
[2024-10-16 06:08:17 -0700] [36788] [ERROR] Exception in worker process
Traceback (most recent call last):
  File "/Users/chrisbeaumont/Projects/youtube_reports_env/lib/python3.12/site-packages/gunicorn/arbiter.py", line 609, in spawn_worker
    worker.init_process()
  File "/Users/chrisbeaumont/Projects/youtube_reports_env/lib/python3.12/site-packages/gunicorn/workers/base.py", line 134, in init_process
    self.load_wsgi()
  File "/Users/chrisbeaumont/Projects/youtube_reports_env/lib/python3.12/site-packages/gunicorn/workers/base.py", line 146, in load_wsgi
    self.wsgi = self.app.wsgi()
                ^^^^^^^^^^^^^^^
  File "/Users/chrisbeaumont/Projects/youtube_reports_env/lib/python3.12/site-packages/gunicorn/app/base.py", line 67, in wsgi
    self.callable = self.load()
                    ^^^^^^^^^^^
  File "/Users/chrisbeaumont/Projects/youtube_reports_env/lib/python3.12/site-packages/gunicorn/app/wsgiapp.py", line 58, in load
    return self.load_wsgiapp()
           ^^^^^^^^^^^^^^^^^^^
  File "/Users/chrisbeaumont/Projects/youtube_reports_env/lib/python3.12/site-packages/gunicorn/app/wsgiapp.py", line 48, in load_wsgiapp
    return util.import_app(self.app_uri)
           ^^^^^^^^^^^^^^^^^^^^^^^^^^^^^
  File "/Users/chrisbeaumont/Projects/youtube_reports_env/lib/python3.12/site-packages/gunicorn/util.py", line 371, in import_app
    mod = importlib.import_module(module)
          ^^^^^^^^^^^^^^^^^^^^^^^^^^^^^^^
  File "/Library/Frameworks/Python.framework/Versions/3.12/lib/python3.12/importlib/__init__.py", line 90, in import_module
    return _bootstrap._gcd_import(name[level:], package, level)
           ^^^^^^^^^^^^^^^^^^^^^^^^^^^^^^^^^^^^^^^^^^^^^^^^^^^^
  File "<frozen importlib._bootstrap>", line 1387, in _gcd_import
  File "<frozen importlib._bootstrap>", line 1360, in _find_and_load
  File "<frozen importlib._bootstrap>", line 1331, in _find_and_load_unlocked
  File "<frozen importlib._bootstrap>", line 935, in _load_unlocked
  File "<frozen importlib._bootstrap_external>", line 995, in exec_module
  File "<frozen importlib._bootstrap>", line 488, in _call_with_frames_removed
  File "/Users/chrisbeaumont/Projects/YouTubeReports/app.py", line 29, in <module>
    file_handler = RotatingFileHandler('logs/lumina.log', maxBytes=10240, backupCount=10)
                   ^^^^^^^^^^^^^^^^^^^
NameError: name 'RotatingFileHandler' is not defined
[2024-10-16 06:08:17 -0700] [36788] [INFO] Worker exiting (pid: 36788)
[2024-10-16 06:08:17 -0700] [36787] [ERROR] Exception in worker process
Traceback (most recent call last):
  File "/Users/chrisbeaumont/Projects/youtube_reports_env/lib/python3.12/site-packages/gunicorn/arbiter.py", line 609, in spawn_worker
    worker.init_process()
  File "/Users/chrisbeaumont/Projects/youtube_reports_env/lib/python3.12/site-packages/gunicorn/workers/base.py", line 134, in init_process
    self.load_wsgi()
  File "/Users/chrisbeaumont/Projects/youtube_reports_env/lib/python3.12/site-packages/gunicorn/workers/base.py", line 146, in load_wsgi
    self.wsgi = self.app.wsgi()
                ^^^^^^^^^^^^^^^
  File "/Users/chrisbeaumont/Projects/youtube_reports_env/lib/python3.12/site-packages/gunicorn/app/base.py", line 67, in wsgi
    self.callable = self.load()
                    ^^^^^^^^^^^
  File "/Users/chrisbeaumont/Projects/youtube_reports_env/lib/python3.12/site-packages/gunicorn/app/wsgiapp.py", line 58, in load
    return self.load_wsgiapp()
           ^^^^^^^^^^^^^^^^^^^
  File "/Users/chrisbeaumont/Projects/youtube_reports_env/lib/python3.12/site-packages/gunicorn/app/wsgiapp.py", line 48, in load_wsgiapp
    return util.import_app(self.app_uri)
           ^^^^^^^^^^^^^^^^^^^^^^^^^^^^^
  File "/Users/chrisbeaumont/Projects/youtube_reports_env/lib/python3.12/site-packages/gunicorn/util.py", line 371, in import_app
    mod = importlib.import_module(module)
          ^^^^^^^^^^^^^^^^^^^^^^^^^^^^^^^
  File "/Library/Frameworks/Python.framework/Versions/3.12/lib/python3.12/importlib/__init__.py", line 90, in import_module
    return _bootstrap._gcd_import(name[level:], package, level)
           ^^^^^^^^^^^^^^^^^^^^^^^^^^^^^^^^^^^^^^^^^^^^^^^^^^^^
  File "<frozen importlib._bootstrap>", line 1387, in _gcd_import
  File "<frozen importlib._bootstrap>", line 1360, in _find_and_load
  File "<frozen importlib._bootstrap>", line 1331, in _find_and_load_unlocked
  File "<frozen importlib._bootstrap>", line 935, in _load_unlocked
  File "<frozen importlib._bootstrap_external>", line 995, in exec_module
  File "<frozen importlib._bootstrap>", line 488, in _call_with_frames_removed
  File "/Users/chrisbeaumont/Projects/YouTubeReports/app.py", line 29, in <module>
    file_handler = RotatingFileHandler('logs/lumina.log', maxBytes=10240, backupCount=10)
                   ^^^^^^^^^^^^^^^^^^^
NameError: name 'RotatingFileHandler' is not defined
[2024-10-16 06:08:17 -0700] [36787] [INFO] Worker exiting (pid: 36787)
[2024-10-16 06:08:17 -0700] [36506] [ERROR] Worker (pid:36785) exited with code 3
[2024-10-16 06:08:17 -0700] [36789] [ERROR] Exception in worker process
Traceback (most recent call last):
  File "/Users/chrisbeaumont/Projects/youtube_reports_env/lib/python3.12/site-packages/gunicorn/arbiter.py", line 609, in spawn_worker
    worker.init_process()
  File "/Users/chrisbeaumont/Projects/youtube_reports_env/lib/python3.12/site-packages/gunicorn/workers/base.py", line 134, in init_process
    self.load_wsgi()
  File "/Users/chrisbeaumont/Projects/youtube_reports_env/lib/python3.12/site-packages/gunicorn/workers/base.py", line 146, in load_wsgi
    self.wsgi = self.app.wsgi()
                ^^^^^^^^^^^^^^^
  File "/Users/chrisbeaumont/Projects/youtube_reports_env/lib/python3.12/site-packages/gunicorn/app/base.py", line 67, in wsgi
    self.callable = self.load()
                    ^^^^^^^^^^^
  File "/Users/chrisbeaumont/Projects/youtube_reports_env/lib/python3.12/site-packages/gunicorn/app/wsgiapp.py", line 58, in load
    return self.load_wsgiapp()
           ^^^^^^^^^^^^^^^^^^^
  File "/Users/chrisbeaumont/Projects/youtube_reports_env/lib/python3.12/site-packages/gunicorn/app/wsgiapp.py", line 48, in load_wsgiapp
    return util.import_app(self.app_uri)
           ^^^^^^^^^^^^^^^^^^^^^^^^^^^^^
  File "/Users/chrisbeaumont/Projects/youtube_reports_env/lib/python3.12/site-packages/gunicorn/util.py", line 371, in import_app
    mod = importlib.import_module(module)
          ^^^^^^^^^^^^^^^^^^^^^^^^^^^^^^^
  File "/Library/Frameworks/Python.framework/Versions/3.12/lib/python3.12/importlib/__init__.py", line 90, in import_module
    return _bootstrap._gcd_import(name[level:], package, level)
           ^^^^^^^^^^^^^^^^^^^^^^^^^^^^^^^^^^^^^^^^^^^^^^^^^^^^
  File "<frozen importlib._bootstrap>", line 1387, in _gcd_import
  File "<frozen importlib._bootstrap>", line 1360, in _find_and_load
  File "<frozen importlib._bootstrap>", line 1331, in _find_and_load_unlocked
  File "<frozen importlib._bootstrap>", line 935, in _load_unlocked
  File "<frozen importlib._bootstrap_external>", line 995, in exec_module
  File "<frozen importlib._bootstrap>", line 488, in _call_with_frames_removed
  File "/Users/chrisbeaumont/Projects/YouTubeReports/app.py", line 29, in <module>
    file_handler = RotatingFileHandler('logs/lumina.log', maxBytes=10240, backupCount=10)
                   ^^^^^^^^^^^^^^^^^^^
NameError: name 'RotatingFileHandler' is not defined
[2024-10-16 06:08:17 -0700] [36789] [INFO] Worker exiting (pid: 36789)
[2024-10-16 06:08:17 -0700] [36506] [ERROR] Worker (pid:36788) was sent SIGTERM!
[2024-10-16 06:08:17 -0700] [36506] [ERROR] Worker (pid:36787) was sent SIGTERM!
[2024-10-16 06:08:17 -0700] [36790] [ERROR] Exception in worker process
Traceback (most recent call last):
  File "/Users/chrisbeaumont/Projects/youtube_reports_env/lib/python3.12/site-packages/gunicorn/arbiter.py", line 609, in spawn_worker
    worker.init_process()
  File "/Users/chrisbeaumont/Projects/youtube_reports_env/lib/python3.12/site-packages/gunicorn/workers/base.py", line 134, in init_process
    self.load_wsgi()
  File "/Users/chrisbeaumont/Projects/youtube_reports_env/lib/python3.12/site-packages/gunicorn/workers/base.py", line 146, in load_wsgi
    self.wsgi = self.app.wsgi()
                ^^^^^^^^^^^^^^^
  File "/Users/chrisbeaumont/Projects/youtube_reports_env/lib/python3.12/site-packages/gunicorn/app/base.py", line 67, in wsgi
    self.callable = self.load()
                    ^^^^^^^^^^^
  File "/Users/chrisbeaumont/Projects/youtube_reports_env/lib/python3.12/site-packages/gunicorn/app/wsgiapp.py", line 58, in load
    return self.load_wsgiapp()
           ^^^^^^^^^^^^^^^^^^^
  File "/Users/chrisbeaumont/Projects/youtube_reports_env/lib/python3.12/site-packages/gunicorn/app/wsgiapp.py", line 48, in load_wsgiapp
    return util.import_app(self.app_uri)
           ^^^^^^^^^^^^^^^^^^^^^^^^^^^^^
  File "/Users/chrisbeaumont/Projects/youtube_reports_env/lib/python3.12/site-packages/gunicorn/util.py", line 371, in import_app
    mod = importlib.import_module(module)
          ^^^^^^^^^^^^^^^^^^^^^^^^^^^^^^^
  File "/Library/Frameworks/Python.framework/Versions/3.12/lib/python3.12/importlib/__init__.py", line 90, in import_module
    return _bootstrap._gcd_import(name[level:], package, level)
           ^^^^^^^^^^^^^^^^^^^^^^^^^^^^^^^^^^^^^^^^^^^^^^^^^^^^
  File "<frozen importlib._bootstrap>", line 1387, in _gcd_import
  File "<frozen importlib._bootstrap>", line 1360, in _find_and_load
  File "<frozen importlib._bootstrap>", line 1331, in _find_and_load_unlocked
  File "<frozen importlib._bootstrap>", line 935, in _load_unlocked
  File "<frozen importlib._bootstrap_external>", line 995, in exec_module
  File "<frozen importlib._bootstrap>", line 488, in _call_with_frames_removed
  File "/Users/chrisbeaumont/Projects/YouTubeReports/app.py", line 29, in <module>
    file_handler = RotatingFileHandler('logs/lumina.log', maxBytes=10240, backupCount=10)
                   ^^^^^^^^^^^^^^^^^^^
NameError: name 'RotatingFileHandler' is not defined
[2024-10-16 06:08:17 -0700] [36790] [INFO] Worker exiting (pid: 36790)
[2024-10-16 06:08:17 -0700] [36791] [ERROR] Exception in worker process
Traceback (most recent call last):
  File "/Users/chrisbeaumont/Projects/youtube_reports_env/lib/python3.12/site-packages/gunicorn/arbiter.py", line 609, in spawn_worker
    worker.init_process()
  File "/Users/chrisbeaumont/Projects/youtube_reports_env/lib/python3.12/site-packages/gunicorn/workers/base.py", line 134, in init_process
    self.load_wsgi()
  File "/Users/chrisbeaumont/Projects/youtube_reports_env/lib/python3.12/site-packages/gunicorn/workers/base.py", line 146, in load_wsgi
    self.wsgi = self.app.wsgi()
                ^^^^^^^^^^^^^^^
  File "/Users/chrisbeaumont/Projects/youtube_reports_env/lib/python3.12/site-packages/gunicorn/app/base.py", line 67, in wsgi
    self.callable = self.load()
                    ^^^^^^^^^^^
  File "/Users/chrisbeaumont/Projects/youtube_reports_env/lib/python3.12/site-packages/gunicorn/app/wsgiapp.py", line 58, in load
    return self.load_wsgiapp()
           ^^^^^^^^^^^^^^^^^^^
  File "/Users/chrisbeaumont/Projects/youtube_reports_env/lib/python3.12/site-packages/gunicorn/app/wsgiapp.py", line 48, in load_wsgiapp
    return util.import_app(self.app_uri)
           ^^^^^^^^^^^^^^^^^^^^^^^^^^^^^
  File "/Users/chrisbeaumont/Projects/youtube_reports_env/lib/python3.12/site-packages/gunicorn/util.py", line 371, in import_app
    mod = importlib.import_module(module)
          ^^^^^^^^^^^^^^^^^^^^^^^^^^^^^^^
  File "/Library/Frameworks/Python.framework/Versions/3.12/lib/python3.12/importlib/__init__.py", line 90, in import_module
    return _bootstrap._gcd_import(name[level:], package, level)
           ^^^^^^^^^^^^^^^^^^^^^^^^^^^^^^^^^^^^^^^^^^^^^^^^^^^^
  File "<frozen importlib._bootstrap>", line 1387, in _gcd_import
  File "<frozen importlib._bootstrap>", line 1360, in _find_and_load
  File "<frozen importlib._bootstrap>", line 1331, in _find_and_load_unlocked
  File "<frozen importlib._bootstrap>", line 935, in _load_unlocked
  File "<frozen importlib._bootstrap_external>", line 995, in exec_module
  File "<frozen importlib._bootstrap>", line 488, in _call_with_frames_removed
  File "/Users/chrisbeaumont/Projects/YouTubeReports/app.py", line 29, in <module>
    file_handler = RotatingFileHandler('logs/lumina.log', maxBytes=10240, backupCount=10)
                   ^^^^^^^^^^^^^^^^^^^
NameError: name 'RotatingFileHandler' is not defined
[2024-10-16 06:08:17 -0700] [36791] [INFO] Worker exiting (pid: 36791)
[2024-10-16 06:08:17 -0700] [36792] [ERROR] Exception in worker process
Traceback (most recent call last):
  File "/Users/chrisbeaumont/Projects/youtube_reports_env/lib/python3.12/site-packages/gunicorn/arbiter.py", line 609, in spawn_worker
    worker.init_process()
  File "/Users/chrisbeaumont/Projects/youtube_reports_env/lib/python3.12/site-packages/gunicorn/workers/base.py", line 134, in init_process
    self.load_wsgi()
  File "/Users/chrisbeaumont/Projects/youtube_reports_env/lib/python3.12/site-packages/gunicorn/workers/base.py", line 146, in load_wsgi
    self.wsgi = self.app.wsgi()
                ^^^^^^^^^^^^^^^
  File "/Users/chrisbeaumont/Projects/youtube_reports_env/lib/python3.12/site-packages/gunicorn/app/base.py", line 67, in wsgi
    self.callable = self.load()
                    ^^^^^^^^^^^
  File "/Users/chrisbeaumont/Projects/youtube_reports_env/lib/python3.12/site-packages/gunicorn/app/wsgiapp.py", line 58, in load
    return self.load_wsgiapp()
           ^^^^^^^^^^^^^^^^^^^
  File "/Users/chrisbeaumont/Projects/youtube_reports_env/lib/python3.12/site-packages/gunicorn/app/wsgiapp.py", line 48, in load_wsgiapp
    return util.import_app(self.app_uri)
           ^^^^^^^^^^^^^^^^^^^^^^^^^^^^^
  File "/Users/chrisbeaumont/Projects/youtube_reports_env/lib/python3.12/site-packages/gunicorn/util.py", line 371, in import_app
    mod = importlib.import_module(module)
          ^^^^^^^^^^^^^^^^^^^^^^^^^^^^^^^
  File "/Library/Frameworks/Python.framework/Versions/3.12/lib/python3.12/importlib/__init__.py", line 90, in import_module
    return _bootstrap._gcd_import(name[level:], package, level)
           ^^^^^^^^^^^^^^^^^^^^^^^^^^^^^^^^^^^^^^^^^^^^^^^^^^^^
  File "<frozen importlib._bootstrap>", line 1387, in _gcd_import
  File "<frozen importlib._bootstrap>", line 1360, in _find_and_load
  File "<frozen importlib._bootstrap>", line 1331, in _find_and_load_unlocked
  File "<frozen importlib._bootstrap>", line 935, in _load_unlocked
  File "<frozen importlib._bootstrap_external>", line 995, in exec_module
  File "<frozen importlib._bootstrap>", line 488, in _call_with_frames_removed
  File "/Users/chrisbeaumont/Projects/YouTubeReports/app.py", line 29, in <module>
    file_handler = RotatingFileHandler('logs/lumina.log', maxBytes=10240, backupCount=10)
                   ^^^^^^^^^^^^^^^^^^^
NameError: name 'RotatingFileHandler' is not defined
[2024-10-16 06:08:17 -0700] [36792] [INFO] Worker exiting (pid: 36792)
[2024-10-16 06:08:17 -0700] [36506] [ERROR] Worker (pid:36789) exited with code 3
[2024-10-16 06:08:17 -0700] [36793] [ERROR] Exception in worker process
Traceback (most recent call last):
  File "/Users/chrisbeaumont/Projects/youtube_reports_env/lib/python3.12/site-packages/gunicorn/arbiter.py", line 609, in spawn_worker
    worker.init_process()
  File "/Users/chrisbeaumont/Projects/youtube_reports_env/lib/python3.12/site-packages/gunicorn/workers/base.py", line 134, in init_process
    self.load_wsgi()
  File "/Users/chrisbeaumont/Projects/youtube_reports_env/lib/python3.12/site-packages/gunicorn/workers/base.py", line 146, in load_wsgi
    self.wsgi = self.app.wsgi()
                ^^^^^^^^^^^^^^^
  File "/Users/chrisbeaumont/Projects/youtube_reports_env/lib/python3.12/site-packages/gunicorn/app/base.py", line 67, in wsgi
    self.callable = self.load()
                    ^^^^^^^^^^^
  File "/Users/chrisbeaumont/Projects/youtube_reports_env/lib/python3.12/site-packages/gunicorn/app/wsgiapp.py", line 58, in load
    return self.load_wsgiapp()
           ^^^^^^^^^^^^^^^^^^^
  File "/Users/chrisbeaumont/Projects/youtube_reports_env/lib/python3.12/site-packages/gunicorn/app/wsgiapp.py", line 48, in load_wsgiapp
    return util.import_app(self.app_uri)
           ^^^^^^^^^^^^^^^^^^^^^^^^^^^^^
  File "/Users/chrisbeaumont/Projects/youtube_reports_env/lib/python3.12/site-packages/gunicorn/util.py", line 371, in import_app
    mod = importlib.import_module(module)
          ^^^^^^^^^^^^^^^^^^^^^^^^^^^^^^^
  File "/Library/Frameworks/Python.framework/Versions/3.12/lib/python3.12/importlib/__init__.py", line 90, in import_module
    return _bootstrap._gcd_import(name[level:], package, level)
           ^^^^^^^^^^^^^^^^^^^^^^^^^^^^^^^^^^^^^^^^^^^^^^^^^^^^
  File "<frozen importlib._bootstrap>", line 1387, in _gcd_import
  File "<frozen importlib._bootstrap>", line 1360, in _find_and_load
  File "<frozen importlib._bootstrap>", line 1331, in _find_and_load_unlocked
  File "<frozen importlib._bootstrap>", line 935, in _load_unlocked
  File "<frozen importlib._bootstrap_external>", line 995, in exec_module
  File "<frozen importlib._bootstrap>", line 488, in _call_with_frames_removed
  File "/Users/chrisbeaumont/Projects/YouTubeReports/app.py", line 29, in <module>
    file_handler = RotatingFileHandler('logs/lumina.log', maxBytes=10240, backupCount=10)
                   ^^^^^^^^^^^^^^^^^^^
NameError: name 'RotatingFileHandler' is not defined
[2024-10-16 06:08:17 -0700] [36793] [INFO] Worker exiting (pid: 36793)
[2024-10-16 06:08:17 -0700] [36794] [ERROR] Exception in worker process
Traceback (most recent call last):
  File "/Users/chrisbeaumont/Projects/youtube_reports_env/lib/python3.12/site-packages/gunicorn/arbiter.py", line 609, in spawn_worker
    worker.init_process()
  File "/Users/chrisbeaumont/Projects/youtube_reports_env/lib/python3.12/site-packages/gunicorn/workers/base.py", line 134, in init_process
    self.load_wsgi()
  File "/Users/chrisbeaumont/Projects/youtube_reports_env/lib/python3.12/site-packages/gunicorn/workers/base.py", line 146, in load_wsgi
    self.wsgi = self.app.wsgi()
                ^^^^^^^^^^^^^^^
  File "/Users/chrisbeaumont/Projects/youtube_reports_env/lib/python3.12/site-packages/gunicorn/app/base.py", line 67, in wsgi
    self.callable = self.load()
                    ^^^^^^^^^^^
  File "/Users/chrisbeaumont/Projects/youtube_reports_env/lib/python3.12/site-packages/gunicorn/app/wsgiapp.py", line 58, in load
    return self.load_wsgiapp()
           ^^^^^^^^^^^^^^^^^^^
  File "/Users/chrisbeaumont/Projects/youtube_reports_env/lib/python3.12/site-packages/gunicorn/app/wsgiapp.py", line 48, in load_wsgiapp
    return util.import_app(self.app_uri)
           ^^^^^^^^^^^^^^^^^^^^^^^^^^^^^
  File "/Users/chrisbeaumont/Projects/youtube_reports_env/lib/python3.12/site-packages/gunicorn/util.py", line 371, in import_app
    mod = importlib.import_module(module)
          ^^^^^^^^^^^^^^^^^^^^^^^^^^^^^^^
  File "/Library/Frameworks/Python.framework/Versions/3.12/lib/python3.12/importlib/__init__.py", line 90, in import_module
    return _bootstrap._gcd_import(name[level:], package, level)
           ^^^^^^^^^^^^^^^^^^^^^^^^^^^^^^^^^^^^^^^^^^^^^^^^^^^^
  File "<frozen importlib._bootstrap>", line 1387, in _gcd_import
  File "<frozen importlib._bootstrap>", line 1360, in _find_and_load
  File "<frozen importlib._bootstrap>", line 1331, in _find_and_load_unlocked
  File "<frozen importlib._bootstrap>", line 935, in _load_unlocked
  File "<frozen importlib._bootstrap_external>", line 995, in exec_module
  File "<frozen importlib._bootstrap>", line 488, in _call_with_frames_removed
  File "/Users/chrisbeaumont/Projects/YouTubeReports/app.py", line 29, in <module>
    file_handler = RotatingFileHandler('logs/lumina.log', maxBytes=10240, backupCount=10)
                   ^^^^^^^^^^^^^^^^^^^
NameError: name 'RotatingFileHandler' is not defined
[2024-10-16 06:08:17 -0700] [36794] [INFO] Worker exiting (pid: 36794)
[2024-10-16 06:08:17 -0700] [36795] [ERROR] Exception in worker process
Traceback (most recent call last):
  File "/Users/chrisbeaumont/Projects/youtube_reports_env/lib/python3.12/site-packages/gunicorn/arbiter.py", line 609, in spawn_worker
    worker.init_process()
  File "/Users/chrisbeaumont/Projects/youtube_reports_env/lib/python3.12/site-packages/gunicorn/workers/base.py", line 134, in init_process
    self.load_wsgi()
  File "/Users/chrisbeaumont/Projects/youtube_reports_env/lib/python3.12/site-packages/gunicorn/workers/base.py", line 146, in load_wsgi
    self.wsgi = self.app.wsgi()
                ^^^^^^^^^^^^^^^
  File "/Users/chrisbeaumont/Projects/youtube_reports_env/lib/python3.12/site-packages/gunicorn/app/base.py", line 67, in wsgi
    self.callable = self.load()
                    ^^^^^^^^^^^
  File "/Users/chrisbeaumont/Projects/youtube_reports_env/lib/python3.12/site-packages/gunicorn/app/wsgiapp.py", line 58, in load
    return self.load_wsgiapp()
           ^^^^^^^^^^^^^^^^^^^
  File "/Users/chrisbeaumont/Projects/youtube_reports_env/lib/python3.12/site-packages/gunicorn/app/wsgiapp.py", line 48, in load_wsgiapp
    return util.import_app(self.app_uri)
           ^^^^^^^^^^^^^^^^^^^^^^^^^^^^^
  File "/Users/chrisbeaumont/Projects/youtube_reports_env/lib/python3.12/site-packages/gunicorn/util.py", line 371, in import_app
    mod = importlib.import_module(module)
          ^^^^^^^^^^^^^^^^^^^^^^^^^^^^^^^
  File "/Library/Frameworks/Python.framework/Versions/3.12/lib/python3.12/importlib/__init__.py", line 90, in import_module
    return _bootstrap._gcd_import(name[level:], package, level)
           ^^^^^^^^^^^^^^^^^^^^^^^^^^^^^^^^^^^^^^^^^^^^^^^^^^^^
  File "<frozen importlib._bootstrap>", line 1387, in _gcd_import
  File "<frozen importlib._bootstrap>", line 1360, in _find_and_load
  File "<frozen importlib._bootstrap>", line 1331, in _find_and_load_unlocked
  File "<frozen importlib._bootstrap>", line 935, in _load_unlocked
  File "<frozen importlib._bootstrap_external>", line 995, in exec_module
  File "<frozen importlib._bootstrap>", line 488, in _call_with_frames_removed
  File "/Users/chrisbeaumont/Projects/YouTubeReports/app.py", line 29, in <module>
    file_handler = RotatingFileHandler('logs/lumina.log', maxBytes=10240, backupCount=10)
                   ^^^^^^^^^^^^^^^^^^^
NameError: name 'RotatingFileHandler' is not defined
[2024-10-16 06:08:18 -0700] [36795] [INFO] Worker exiting (pid: 36795)
[2024-10-16 06:08:18 -0700] [36796] [ERROR] Exception in worker process
Traceback (most recent call last):
  File "/Users/chrisbeaumont/Projects/youtube_reports_env/lib/python3.12/site-packages/gunicorn/arbiter.py", line 609, in spawn_worker
    worker.init_process()
  File "/Users/chrisbeaumont/Projects/youtube_reports_env/lib/python3.12/site-packages/gunicorn/workers/base.py", line 134, in init_process
    self.load_wsgi()
  File "/Users/chrisbeaumont/Projects/youtube_reports_env/lib/python3.12/site-packages/gunicorn/workers/base.py", line 146, in load_wsgi
    self.wsgi = self.app.wsgi()
                ^^^^^^^^^^^^^^^
  File "/Users/chrisbeaumont/Projects/youtube_reports_env/lib/python3.12/site-packages/gunicorn/app/base.py", line 67, in wsgi
    self.callable = self.load()
                    ^^^^^^^^^^^
  File "/Users/chrisbeaumont/Projects/youtube_reports_env/lib/python3.12/site-packages/gunicorn/app/wsgiapp.py", line 58, in load
    return self.load_wsgiapp()
           ^^^^^^^^^^^^^^^^^^^
  File "/Users/chrisbeaumont/Projects/youtube_reports_env/lib/python3.12/site-packages/gunicorn/app/wsgiapp.py", line 48, in load_wsgiapp
    return util.import_app(self.app_uri)
           ^^^^^^^^^^^^^^^^^^^^^^^^^^^^^
  File "/Users/chrisbeaumont/Projects/youtube_reports_env/lib/python3.12/site-packages/gunicorn/util.py", line 371, in import_app
    mod = importlib.import_module(module)
          ^^^^^^^^^^^^^^^^^^^^^^^^^^^^^^^
  File "/Library/Frameworks/Python.framework/Versions/3.12/lib/python3.12/importlib/__init__.py", line 90, in import_module
    return _bootstrap._gcd_import(name[level:], package, level)
           ^^^^^^^^^^^^^^^^^^^^^^^^^^^^^^^^^^^^^^^^^^^^^^^^^^^^
  File "<frozen importlib._bootstrap>", line 1387, in _gcd_import
  File "<frozen importlib._bootstrap>", line 1360, in _find_and_load
  File "<frozen importlib._bootstrap>", line 1331, in _find_and_load_unlocked
  File "<frozen importlib._bootstrap>", line 935, in _load_unlocked
  File "<frozen importlib._bootstrap_external>", line 995, in exec_module
  File "<frozen importlib._bootstrap>", line 488, in _call_with_frames_removed
  File "/Users/chrisbeaumont/Projects/YouTubeReports/app.py", line 29, in <module>
    file_handler = RotatingFileHandler('logs/lumina.log', maxBytes=10240, backupCount=10)
                   ^^^^^^^^^^^^^^^^^^^
NameError: name 'RotatingFileHandler' is not defined
[2024-10-16 06:08:18 -0700] [36797] [ERROR] Exception in worker process
Traceback (most recent call last):
  File "/Users/chrisbeaumont/Projects/youtube_reports_env/lib/python3.12/site-packages/gunicorn/arbiter.py", line 609, in spawn_worker
    worker.init_process()
  File "/Users/chrisbeaumont/Projects/youtube_reports_env/lib/python3.12/site-packages/gunicorn/workers/base.py", line 134, in init_process
    self.load_wsgi()
  File "/Users/chrisbeaumont/Projects/youtube_reports_env/lib/python3.12/site-packages/gunicorn/workers/base.py", line 146, in load_wsgi
    self.wsgi = self.app.wsgi()
                ^^^^^^^^^^^^^^^
  File "/Users/chrisbeaumont/Projects/youtube_reports_env/lib/python3.12/site-packages/gunicorn/app/base.py", line 67, in wsgi
    self.callable = self.load()
                    ^^^^^^^^^^^
  File "/Users/chrisbeaumont/Projects/youtube_reports_env/lib/python3.12/site-packages/gunicorn/app/wsgiapp.py", line 58, in load
    return self.load_wsgiapp()
           ^^^^^^^^^^^^^^^^^^^
  File "/Users/chrisbeaumont/Projects/youtube_reports_env/lib/python3.12/site-packages/gunicorn/app/wsgiapp.py", line 48, in load_wsgiapp
    return util.import_app(self.app_uri)
           ^^^^^^^^^^^^^^^^^^^^^^^^^^^^^
  File "/Users/chrisbeaumont/Projects/youtube_reports_env/lib/python3.12/site-packages/gunicorn/util.py", line 371, in import_app
    mod = importlib.import_module(module)
          ^^^^^^^^^^^^^^^^^^^^^^^^^^^^^^^
  File "/Library/Frameworks/Python.framework/Versions/3.12/lib/python3.12/importlib/__init__.py", line 90, in import_module
    return _bootstrap._gcd_import(name[level:], package, level)
           ^^^^^^^^^^^^^^^^^^^^^^^^^^^^^^^^^^^^^^^^^^^^^^^^^^^^
  File "<frozen importlib._bootstrap>", line 1387, in _gcd_import
  File "<frozen importlib._bootstrap>", line 1360, in _find_and_load
  File "<frozen importlib._bootstrap>", line 1331, in _find_and_load_unlocked
  File "<frozen importlib._bootstrap>", line 935, in _load_unlocked
  File "<frozen importlib._bootstrap_external>", line 995, in exec_module
  File "<frozen importlib._bootstrap>", line 488, in _call_with_frames_removed
  File "/Users/chrisbeaumont/Projects/YouTubeReports/app.py", line 29, in <module>
    file_handler = RotatingFileHandler('logs/lumina.log', maxBytes=10240, backupCount=10)
                   ^^^^^^^^^^^^^^^^^^^
NameError: name 'RotatingFileHandler' is not defined
[2024-10-16 06:08:18 -0700] [36796] [INFO] Worker exiting (pid: 36796)
[2024-10-16 06:08:18 -0700] [36797] [INFO] Worker exiting (pid: 36797)
[2024-10-16 06:08:18 -0700] [36798] [ERROR] Exception in worker process
Traceback (most recent call last):
  File "/Users/chrisbeaumont/Projects/youtube_reports_env/lib/python3.12/site-packages/gunicorn/arbiter.py", line 609, in spawn_worker
    worker.init_process()
  File "/Users/chrisbeaumont/Projects/youtube_reports_env/lib/python3.12/site-packages/gunicorn/workers/base.py", line 134, in init_process
    self.load_wsgi()
  File "/Users/chrisbeaumont/Projects/youtube_reports_env/lib/python3.12/site-packages/gunicorn/workers/base.py", line 146, in load_wsgi
    self.wsgi = self.app.wsgi()
                ^^^^^^^^^^^^^^^
  File "/Users/chrisbeaumont/Projects/youtube_reports_env/lib/python3.12/site-packages/gunicorn/app/base.py", line 67, in wsgi
    self.callable = self.load()
                    ^^^^^^^^^^^
  File "/Users/chrisbeaumont/Projects/youtube_reports_env/lib/python3.12/site-packages/gunicorn/app/wsgiapp.py", line 58, in load
    return self.load_wsgiapp()
           ^^^^^^^^^^^^^^^^^^^
  File "/Users/chrisbeaumont/Projects/youtube_reports_env/lib/python3.12/site-packages/gunicorn/app/wsgiapp.py", line 48, in load_wsgiapp
    return util.import_app(self.app_uri)
           ^^^^^^^^^^^^^^^^^^^^^^^^^^^^^
  File "/Users/chrisbeaumont/Projects/youtube_reports_env/lib/python3.12/site-packages/gunicorn/util.py", line 371, in import_app
    mod = importlib.import_module(module)
          ^^^^^^^^^^^^^^^^^^^^^^^^^^^^^^^
  File "/Library/Frameworks/Python.framework/Versions/3.12/lib/python3.12/importlib/__init__.py", line 90, in import_module
    return _bootstrap._gcd_import(name[level:], package, level)
           ^^^^^^^^^^^^^^^^^^^^^^^^^^^^^^^^^^^^^^^^^^^^^^^^^^^^
  File "<frozen importlib._bootstrap>", line 1387, in _gcd_import
  File "<frozen importlib._bootstrap>", line 1360, in _find_and_load
  File "<frozen importlib._bootstrap>", line 1331, in _find_and_load_unlocked
  File "<frozen importlib._bootstrap>", line 935, in _load_unlocked
  File "<frozen importlib._bootstrap_external>", line 995, in exec_module
  File "<frozen importlib._bootstrap>", line 488, in _call_with_frames_removed
  File "/Users/chrisbeaumont/Projects/YouTubeReports/app.py", line 29, in <module>
    file_handler = RotatingFileHandler('logs/lumina.log', maxBytes=10240, backupCount=10)
                   ^^^^^^^^^^^^^^^^^^^
NameError: name 'RotatingFileHandler' is not defined
[2024-10-16 06:08:18 -0700] [36798] [INFO] Worker exiting (pid: 36798)
[2024-10-16 06:08:18 -0700] [36799] [ERROR] Exception in worker process
Traceback (most recent call last):
  File "/Users/chrisbeaumont/Projects/youtube_reports_env/lib/python3.12/site-packages/gunicorn/arbiter.py", line 609, in spawn_worker
    worker.init_process()
  File "/Users/chrisbeaumont/Projects/youtube_reports_env/lib/python3.12/site-packages/gunicorn/workers/base.py", line 134, in init_process
    self.load_wsgi()
  File "/Users/chrisbeaumont/Projects/youtube_reports_env/lib/python3.12/site-packages/gunicorn/workers/base.py", line 146, in load_wsgi
    self.wsgi = self.app.wsgi()
                ^^^^^^^^^^^^^^^
  File "/Users/chrisbeaumont/Projects/youtube_reports_env/lib/python3.12/site-packages/gunicorn/app/base.py", line 67, in wsgi
    self.callable = self.load()
                    ^^^^^^^^^^^
  File "/Users/chrisbeaumont/Projects/youtube_reports_env/lib/python3.12/site-packages/gunicorn/app/wsgiapp.py", line 58, in load
    return self.load_wsgiapp()
           ^^^^^^^^^^^^^^^^^^^
  File "/Users/chrisbeaumont/Projects/youtube_reports_env/lib/python3.12/site-packages/gunicorn/app/wsgiapp.py", line 48, in load_wsgiapp
    return util.import_app(self.app_uri)
           ^^^^^^^^^^^^^^^^^^^^^^^^^^^^^
  File "/Users/chrisbeaumont/Projects/youtube_reports_env/lib/python3.12/site-packages/gunicorn/util.py", line 371, in import_app
    mod = importlib.import_module(module)
          ^^^^^^^^^^^^^^^^^^^^^^^^^^^^^^^
  File "/Library/Frameworks/Python.framework/Versions/3.12/lib/python3.12/importlib/__init__.py", line 90, in import_module
    return _bootstrap._gcd_import(name[level:], package, level)
           ^^^^^^^^^^^^^^^^^^^^^^^^^^^^^^^^^^^^^^^^^^^^^^^^^^^^
  File "<frozen importlib._bootstrap>", line 1387, in _gcd_import
  File "<frozen importlib._bootstrap>", line 1360, in _find_and_load
  File "<frozen importlib._bootstrap>", line 1331, in _find_and_load_unlocked
  File "<frozen importlib._bootstrap>", line 935, in _load_unlocked
  File "<frozen importlib._bootstrap_external>", line 995, in exec_module
  File "<frozen importlib._bootstrap>", line 488, in _call_with_frames_removed
  File "/Users/chrisbeaumont/Projects/YouTubeReports/app.py", line 29, in <module>
    file_handler = RotatingFileHandler('logs/lumina.log', maxBytes=10240, backupCount=10)
                   ^^^^^^^^^^^^^^^^^^^
NameError: name 'RotatingFileHandler' is not defined
[2024-10-16 06:08:18 -0700] [36799] [INFO] Worker exiting (pid: 36799)
[2024-10-16 06:08:18 -0700] [36800] [ERROR] Exception in worker process
Traceback (most recent call last):
  File "/Users/chrisbeaumont/Projects/youtube_reports_env/lib/python3.12/site-packages/gunicorn/arbiter.py", line 609, in spawn_worker
    worker.init_process()
  File "/Users/chrisbeaumont/Projects/youtube_reports_env/lib/python3.12/site-packages/gunicorn/workers/base.py", line 134, in init_process
    self.load_wsgi()
  File "/Users/chrisbeaumont/Projects/youtube_reports_env/lib/python3.12/site-packages/gunicorn/workers/base.py", line 146, in load_wsgi
    self.wsgi = self.app.wsgi()
                ^^^^^^^^^^^^^^^
  File "/Users/chrisbeaumont/Projects/youtube_reports_env/lib/python3.12/site-packages/gunicorn/app/base.py", line 67, in wsgi
    self.callable = self.load()
                    ^^^^^^^^^^^
  File "/Users/chrisbeaumont/Projects/youtube_reports_env/lib/python3.12/site-packages/gunicorn/app/wsgiapp.py", line 58, in load
    return self.load_wsgiapp()
           ^^^^^^^^^^^^^^^^^^^
  File "/Users/chrisbeaumont/Projects/youtube_reports_env/lib/python3.12/site-packages/gunicorn/app/wsgiapp.py", line 48, in load_wsgiapp
    return util.import_app(self.app_uri)
           ^^^^^^^^^^^^^^^^^^^^^^^^^^^^^
  File "/Users/chrisbeaumont/Projects/youtube_reports_env/lib/python3.12/site-packages/gunicorn/util.py", line 371, in import_app
    mod = importlib.import_module(module)
          ^^^^^^^^^^^^^^^^^^^^^^^^^^^^^^^
  File "/Library/Frameworks/Python.framework/Versions/3.12/lib/python3.12/importlib/__init__.py", line 90, in import_module
    return _bootstrap._gcd_import(name[level:], package, level)
           ^^^^^^^^^^^^^^^^^^^^^^^^^^^^^^^^^^^^^^^^^^^^^^^^^^^^
  File "<frozen importlib._bootstrap>", line 1387, in _gcd_import
  File "<frozen importlib._bootstrap>", line 1360, in _find_and_load
  File "<frozen importlib._bootstrap>", line 1331, in _find_and_load_unlocked
  File "<frozen importlib._bootstrap>", line 935, in _load_unlocked
  File "<frozen importlib._bootstrap_external>", line 995, in exec_module
  File "<frozen importlib._bootstrap>", line 488, in _call_with_frames_removed
  File "/Users/chrisbeaumont/Projects/YouTubeReports/app.py", line 29, in <module>
    file_handler = RotatingFileHandler('logs/lumina.log', maxBytes=10240, backupCount=10)
                   ^^^^^^^^^^^^^^^^^^^
NameError: name 'RotatingFileHandler' is not defined
[2024-10-16 06:08:18 -0700] [36800] [INFO] Worker exiting (pid: 36800)
[2024-10-16 06:08:18 -0700] [36802] [ERROR] Exception in worker process
Traceback (most recent call last):
  File "/Users/chrisbeaumont/Projects/youtube_reports_env/lib/python3.12/site-packages/gunicorn/arbiter.py", line 609, in spawn_worker
    worker.init_process()
  File "/Users/chrisbeaumont/Projects/youtube_reports_env/lib/python3.12/site-packages/gunicorn/workers/base.py", line 134, in init_process
    self.load_wsgi()
  File "/Users/chrisbeaumont/Projects/youtube_reports_env/lib/python3.12/site-packages/gunicorn/workers/base.py", line 146, in load_wsgi
    self.wsgi = self.app.wsgi()
                ^^^^^^^^^^^^^^^
  File "/Users/chrisbeaumont/Projects/youtube_reports_env/lib/python3.12/site-packages/gunicorn/app/base.py", line 67, in wsgi
    self.callable = self.load()
                    ^^^^^^^^^^^
  File "/Users/chrisbeaumont/Projects/youtube_reports_env/lib/python3.12/site-packages/gunicorn/app/wsgiapp.py", line 58, in load
    return self.load_wsgiapp()
           ^^^^^^^^^^^^^^^^^^^
  File "/Users/chrisbeaumont/Projects/youtube_reports_env/lib/python3.12/site-packages/gunicorn/app/wsgiapp.py", line 48, in load_wsgiapp
    return util.import_app(self.app_uri)
           ^^^^^^^^^^^^^^^^^^^^^^^^^^^^^
  File "/Users/chrisbeaumont/Projects/youtube_reports_env/lib/python3.12/site-packages/gunicorn/util.py", line 371, in import_app
    mod = importlib.import_module(module)
          ^^^^^^^^^^^^^^^^^^^^^^^^^^^^^^^
  File "/Library/Frameworks/Python.framework/Versions/3.12/lib/python3.12/importlib/__init__.py", line 90, in import_module
    return _bootstrap._gcd_import(name[level:], package, level)
           ^^^^^^^^^^^^^^^^^^^^^^^^^^^^^^^^^^^^^^^^^^^^^^^^^^^^
  File "<frozen importlib._bootstrap>", line 1387, in _gcd_import
  File "<frozen importlib._bootstrap>", line 1360, in _find_and_load
  File "<frozen importlib._bootstrap>", line 1331, in _find_and_load_unlocked
  File "<frozen importlib._bootstrap>", line 935, in _load_unlocked
  File "<frozen importlib._bootstrap_external>", line 995, in exec_module
  File "<frozen importlib._bootstrap>", line 488, in _call_with_frames_removed
  File "/Users/chrisbeaumont/Projects/YouTubeReports/app.py", line 29, in <module>
    file_handler = RotatingFileHandler('logs/lumina.log', maxBytes=10240, backupCount=10)
                   ^^^^^^^^^^^^^^^^^^^
NameError: name 'RotatingFileHandler' is not defined
[2024-10-16 06:08:18 -0700] [36802] [INFO] Worker exiting (pid: 36802)
[2024-10-16 06:08:18 -0700] [36801] [ERROR] Exception in worker process
Traceback (most recent call last):
  File "/Users/chrisbeaumont/Projects/youtube_reports_env/lib/python3.12/site-packages/gunicorn/arbiter.py", line 609, in spawn_worker
    worker.init_process()
  File "/Users/chrisbeaumont/Projects/youtube_reports_env/lib/python3.12/site-packages/gunicorn/workers/base.py", line 134, in init_process
    self.load_wsgi()
  File "/Users/chrisbeaumont/Projects/youtube_reports_env/lib/python3.12/site-packages/gunicorn/workers/base.py", line 146, in load_wsgi
    self.wsgi = self.app.wsgi()
                ^^^^^^^^^^^^^^^
  File "/Users/chrisbeaumont/Projects/youtube_reports_env/lib/python3.12/site-packages/gunicorn/app/base.py", line 67, in wsgi
    self.callable = self.load()
                    ^^^^^^^^^^^
  File "/Users/chrisbeaumont/Projects/youtube_reports_env/lib/python3.12/site-packages/gunicorn/app/wsgiapp.py", line 58, in load
    return self.load_wsgiapp()
           ^^^^^^^^^^^^^^^^^^^
  File "/Users/chrisbeaumont/Projects/youtube_reports_env/lib/python3.12/site-packages/gunicorn/app/wsgiapp.py", line 48, in load_wsgiapp
    return util.import_app(self.app_uri)
           ^^^^^^^^^^^^^^^^^^^^^^^^^^^^^
  File "/Users/chrisbeaumont/Projects/youtube_reports_env/lib/python3.12/site-packages/gunicorn/util.py", line 371, in import_app
    mod = importlib.import_module(module)
          ^^^^^^^^^^^^^^^^^^^^^^^^^^^^^^^
  File "/Library/Frameworks/Python.framework/Versions/3.12/lib/python3.12/importlib/__init__.py", line 90, in import_module
    return _bootstrap._gcd_import(name[level:], package, level)
           ^^^^^^^^^^^^^^^^^^^^^^^^^^^^^^^^^^^^^^^^^^^^^^^^^^^^
  File "<frozen importlib._bootstrap>", line 1387, in _gcd_import
  File "<frozen importlib._bootstrap>", line 1360, in _find_and_load
  File "<frozen importlib._bootstrap>", line 1331, in _find_and_load_unlocked
  File "<frozen importlib._bootstrap>", line 935, in _load_unlocked
  File "<frozen importlib._bootstrap_external>", line 995, in exec_module
  File "<frozen importlib._bootstrap>", line 488, in _call_with_frames_removed
  File "/Users/chrisbeaumont/Projects/YouTubeReports/app.py", line 29, in <module>
    file_handler = RotatingFileHandler('logs/lumina.log', maxBytes=10240, backupCount=10)
                   ^^^^^^^^^^^^^^^^^^^
NameError: name 'RotatingFileHandler' is not defined
[2024-10-16 06:08:18 -0700] [36801] [INFO] Worker exiting (pid: 36801)
