2024-10-24 12:07:32,665 INFO: Summary generated for video 0Co-8ZcN7CY [in /Users/chrisbeaumont/Projects/YouTubeReports/app.py:696]
2024-10-24 12:11:16,344 INFO: Summary generated for video Z0UgEfhchwU [in /Users/chrisbeaumont/Projects/YouTubeReports/app.py:696]
2024-10-24 12:16:52,669 INFO: Summary generated for video 6g5LT8Dv32k [in /Users/chrisbeaumont/Projects/YouTubeReports/app.py:696]
2024-10-24 14:54:02,974 INFO: Lumina startup [in /Users/chrisbeaumont/Projects/YouTubeReports/app.py:35]
2024-10-24 14:55:36,611 INFO: Lumina startup [in /Users/chrisbeaumont/Projects/YouTubeReports/app.py:35]
2024-10-24 14:56:01,623 INFO: Summary generated for video lRDwAafSFgI [in /Users/chrisbeaumont/Projects/YouTubeReports/app.py:696]
2024-10-24 14:59:50,627 INFO: Lumina startup [in /Users/chrisbeaumont/Projects/YouTubeReports/app.py:35]
2024-10-24 14:59:58,768 INFO: Lumina startup [in /Users/chrisbeaumont/Projects/YouTubeReports/app.py:35]
2024-10-24 15:00:49,144 INFO: Summary generated for video AR41dIgnrdU [in /Users/chrisbeaumont/Projects/YouTubeReports/app.py:696]
2024-10-24 15:01:08,181 INFO: Lumina startup [in /Users/chrisbeaumont/Projects/YouTubeReports/app.py:35]
2024-10-24 15:06:24,916 INFO: Lumina startup [in /Users/chrisbeaumont/Projects/YouTubeReports/app.py:35]
2024-10-24 15:06:50,712 INFO: Lumina startup [in /Users/chrisbeaumont/Projects/YouTubeReports/app.py:35]
2024-10-24 15:06:53,558 INFO: Lumina startup [in /Users/chrisbeaumont/Projects/YouTubeReports/app.py:35]
2024-10-24 15:07:26,016 ERROR: An error occurred: write() argument must be str, not dict [in /Users/chrisbeaumont/Projects/YouTubeReports/app.py:561]
2024-10-24 15:08:44,590 INFO: Lumina startup [in /Users/chrisbeaumont/Projects/YouTubeReports/app.py:35]
2024-10-24 15:28:32,396 INFO: Lumina startup [in /Users/chrisbeaumont/Projects/YouTubeReports/app.py:35]
2024-10-24 15:28:37,377 INFO: Lumina startup [in /Users/chrisbeaumont/Projects/YouTubeReports/app.py:35]
2024-10-24 15:31:38,701 INFO: Lumina startup [in /Users/chrisbeaumont/Projects/YouTubeReports/app.py:35]
2024-10-24 15:38:26,772 INFO: Lumina startup [in /Users/chrisbeaumont/Projects/YouTubeReports/app.py:35]
2024-10-24 15:39:20,122 ERROR: An error occurred: I/O operation on closed file. [in /Users/chrisbeaumont/Projects/YouTubeReports/app.py:561]
2024-10-24 17:02:59,113 ERROR: An error occurred: I/O operation on closed file. [in /Users/chrisbeaumont/Projects/YouTubeReports/app.py:561]
2024-10-25 11:25:44,664 INFO: Summary generated for video ZMEwAc2VSUw [in /Users/chrisbeaumont/Projects/YouTubeReports/app.py:696]
2024-10-26 06:53:01,468 INFO: Summary generated for video hBMoPUAeLnY [in /Users/chrisbeaumont/Projects/YouTubeReports/app.py:696]
2024-10-27 14:53:49,872 INFO: Lumina startup [in /Users/chrisbeaumont/Projects/YouTubeReports/app.py:35]
2024-10-27 14:58:15,938 INFO: Lumina startup [in /Users/chrisbeaumont/Projects/YouTubeReports/app.py:35]
2024-10-27 15:01:55,669 INFO: Lumina startup [in /Users/chrisbeaumont/Projects/YouTubeReports/app.py:35]
2024-10-27 15:01:56,264 INFO: Lumina startup [in /Users/chrisbeaumont/Projects/YouTubeReports/app.py:35]
2024-10-27 15:03:16,568 INFO: Summary generated for video Oh2RevEsyoI [in /Users/chrisbeaumont/Projects/YouTubeReports/app.py:696]
2024-10-27 15:06:06,098 INFO: Lumina startup [in /Users/chrisbeaumont/Projects/YouTubeReports/app.py:35]
